2026-02-26 09:21:11.838 | INFO     | __main__:<module>:18 - Skipping sub1003 ses20200728 — nucleiVols.txt not found
2026-02-26 09:21:12.300 | INFO     | __main__:<module>:18 - Skipping sub1017 ses20201110 — nucleiVols.txt not found
2026-02-26 09:21:12.785 | INFO     | __main__:<module>:18 - Skipping sub1038 ses20201123 — nucleiVols.txt not found
2026-02-26 09:21:12.849 | INFO     | __main__:<module>:18 - Skipping sub1039 ses20210307 — nucleiVols.txt not found
2026-02-26 09:21:12.912 | INFO     | __main__:<module>:18 - Skipping sub1042 ses20191023 — nucleiVols.txt not found
2026-02-26 09:21:12.912 | INFO     | __main__:<module>:18 - Skipping sub1042 ses20201227 — nucleiVols.txt not found
2026-02-26 09:21:12.969 | INFO     | __main__:<module>:18 - Skipping sub1044 ses20201117 — nucleiVols.txt not found
2026-02-26 09:21:13.571 | INFO     | __main__:<module>:18 - Skipping sub1063 ses20200327 — nucleiVols.txt not found
2026-02-26 09:21:13.571 | INFO     | __main__:<module>:18 - Skipping sub1063 ses20201230 — nucleiVols.txt not found
2026-02-26 09:21:13.619 | INFO     | __main__:<module>:18 - Skipping sub1065 ses20200621 — nucleiVols.txt not found
2026-02-26 09:21:14.070 | INFO     | __main__:<module>:18 - Skipping sub1082 ses20191219 — nucleiVols.txt not found
2026-02-26 09:21:14.070 | INFO     | __main__:<module>:18 - Skipping sub1082 ses20210102 — nucleiVols.txt not found
2026-02-26 09:21:14.218 | INFO     | __main__:<module>:18 - Skipping sub1094 ses20190927 — nucleiVols.txt not found
2026-02-26 09:21:14.801 | INFO     | __main__:<module>:18 - Skipping sub1119 ses20191229 — nucleiVols.txt not found
2026-02-26 09:21:14.988 | INFO     | __main__:<module>:18 - Skipping sub1124 ses20191009 — nucleiVols.txt not found
2026-02-26 09:21:15.023 | INFO     | __main__:<module>:18 - Skipping sub1125 ses20191030 — nucleiVols.txt not found
2026-02-26 09:21:15.194 | INFO     | __main__:<module>:18 - Skipping sub1131 ses20191221 — nucleiVols.txt not found
2026-02-26 09:21:15.194 | INFO     | __main__:<module>:18 - Skipping sub1131 ses20201218 — nucleiVols.txt not found
2026-02-26 09:21:15.289 | INFO     | __main__:<module>:18 - Skipping sub1133 ses20200611 — nucleiVols.txt not found
2026-02-26 09:21:15.289 | INFO     | __main__:<module>:18 - Skipping sub1133 ses20210507 — nucleiVols.txt not found
2026-02-26 09:21:15.478 | INFO     | __main__:<module>:18 - Skipping sub1138 ses20200714 — nucleiVols.txt not found
2026-02-26 09:21:15.661 | INFO     | __main__:<module>:18 - Skipping sub1150 ses20201105 — nucleiVols.txt not found
2026-02-26 09:21:15.716 | INFO     | __main__:<module>:18 - Skipping sub1152 ses20200606 — nucleiVols.txt not found
2026-02-26 09:21:15.779 | INFO     | __main__:<module>:18 - Skipping sub1154 ses20201124 — nucleiVols.txt not found
2026-02-26 09:21:16.114 | INFO     | __main__:<module>:18 - Skipping sub1165 ses20200513 — nucleiVols.txt not found
2026-02-26 09:21:16.129 | INFO     | __main__:<module>:18 - Skipping sub1165 ses20220207 — nucleiVols.txt not found
2026-02-26 09:21:16.166 | INFO     | __main__:<module>:18 - Skipping sub1167 ses20200921 — nucleiVols.txt not found
2026-02-26 09:21:16.417 | INFO     | __main__:<module>:18 - Skipping sub1182 ses20200701 — nucleiVols.txt not found
2026-02-26 09:21:16.417 | INFO     | __main__:<module>:18 - Skipping sub1182 ses20210708 — nucleiVols.txt not found
2026-02-26 09:21:16.690 | WARNING  | __main__:<module>:24 - sub1201 ses20161021: Unexpected keys in left nucleiVols: ['1-THALAMUS', '2-AV', '4-VA', '5-VLa', '6-VLP', '7-VPL', '8-Pul', '9-LGN', '10-MGN', '11-CM', '12-MD-Pf', '13-Hb', '14-MTT', '26-Acc', '27-Cau', '28-Cla', '29-GPe', '30-GPi', '31-Put', '32-RN', '33-GP', '34-Amy', '1-THALAMUS_cropped', '2-AV_cropped', '4-VA_cropped', '5-VLa_cropped', '6-VLP_cropped', '7-VPL_cropped', '8-Pul_cropped', '9-LGN_cropped', '10-MGN_cropped', '11-CM_cropped', '12-MD-Pf_cropped', '13-Hb_cropped', '14-MTT_cropped', '26-Acc_cropped', '27-Cau_cropped', '28-Cla_cropped', '29-GPe_cropped', '30-GPi_cropped', '31-Put_cropped', '32-RN_cropped', '33-GP_cropped', '34-Amy_cropped']
2026-02-26 09:21:16.711 | INFO     | __main__:<module>:18 - Skipping sub1201 ses20200113 — nucleiVols.txt not found
2026-02-26 09:21:16.991 | INFO     | __main__:<module>:18 - Skipping sub1211 ses20200306 — nucleiVols.txt not found
2026-02-26 09:21:17.248 | INFO     | __main__:<module>:18 - Skipping sub1225 ses20200408 — nucleiVols.txt not found
2026-02-26 09:21:17.571 | INFO     | __main__:<module>:18 - Skipping sub1235 ses20191228 — nucleiVols.txt not found
2026-02-26 09:21:17.673 | INFO     | __main__:<module>:18 - Skipping sub1239 ses20200612 — nucleiVols.txt not found
2026-02-26 09:21:18.234 | INFO     | __main__:<module>:18 - Skipping sub1257 ses20200311 — nucleiVols.txt not found
2026-02-26 09:21:18.577 | INFO     | __main__:<module>:18 - Skipping sub1290 ses20200717 — nucleiVols.txt not found
2026-02-26 09:21:18.651 | INFO     | __main__:<module>:18 - Skipping sub1293 ses20200315 — nucleiVols.txt not found
2026-02-26 09:21:18.651 | INFO     | __main__:<module>:18 - Skipping sub1293 ses20201028 — nucleiVols.txt not found
2026-02-26 09:21:18.651 | INFO     | __main__:<module>:18 - Skipping sub1293 ses20210219 — nucleiVols.txt not found
2026-02-26 09:21:18.668 | INFO     | __main__:<module>:18 - Skipping sub1293 ses20220322 — nucleiVols.txt not found
2026-02-26 09:21:19.096 | INFO     | __main__:<module>:18 - Skipping sub1318 ses20201002 — nucleiVols.txt not found
2026-02-26 09:21:19.385 | INFO     | __main__:<module>:18 - Skipping sub1335 ses20200923 — nucleiVols.txt not found
2026-02-26 09:21:19.438 | INFO     | __main__:<module>:18 - Skipping sub1336 ses20201006 — nucleiVols.txt not found
2026-02-26 09:21:19.572 | INFO     | __main__:<module>:18 - Skipping sub1339 ses20201120 — nucleiVols.txt not found
2026-02-26 09:21:19.651 | INFO     | __main__:<module>:18 - Skipping sub1341 ses20200822 — nucleiVols.txt not found
2026-02-26 09:21:19.681 | INFO     | __main__:<module>:18 - Skipping sub1343 ses20201114 — nucleiVols.txt not found
2026-02-26 09:21:19.681 | INFO     | __main__:<module>:18 - Skipping sub1343 ses20210329 — nucleiVols.txt not found
2026-02-26 09:21:19.923 | INFO     | __main__:<module>:18 - Skipping sub1360 ses20210104 — nucleiVols.txt not found
2026-02-26 09:21:20.103 | INFO     | __main__:<module>:18 - Skipping sub1371 ses20210301 — nucleiVols.txt not found
2026-02-26 09:21:20.303 | INFO     | __main__:<module>:18 - Skipping sub1377 ses20200803 — nucleiVols.txt not found
2026-02-26 09:21:20.927 | INFO     | __main__:<module>:18 - Skipping sub1432 ses20201023 — nucleiVols.txt not found
2026-02-26 09:21:21.240 | INFO     | __main__:<module>:18 - Skipping sub1465 ses20160911 — nucleiVols.txt not found
2026-02-26 09:21:21.334 | INFO     | __main__:<module>:18 - Skipping sub1479 ses20200922 — nucleiVols.txt not found
2026-02-26 09:21:21.390 | INFO     | __main__:<module>:18 - Skipping sub1495 ses20200710 — nucleiVols.txt not found
2026-02-26 09:21:21.655 | INFO     | __main__:<module>:18 - Skipping sub1508 ses20200911 — nucleiVols.txt not found
2026-02-26 09:21:21.831 | INFO     | __main__:<module>:18 - Skipping sub1523 ses20200917 — nucleiVols.txt not found
2026-02-26 09:21:21.919 | INFO     | __main__:<module>:18 - Skipping sub1529 ses20201113 — nucleiVols.txt not found
2026-02-26 09:21:21.992 | WARNING  | __main__:<module>:24 - sub1531 ses20190208: list index out of range
2026-02-26 09:21:22.011 | INFO     | __main__:<module>:18 - Skipping sub1531 ses20201227 — nucleiVols.txt not found
2026-02-26 09:21:22.057 | INFO     | __main__:<module>:18 - Skipping sub1536 ses20201111 — nucleiVols.txt not found
2026-02-26 09:21:22.157 | INFO     | __main__:<module>:18 - Skipping sub1544 ses20220706 — nucleiVols.txt not found
2026-02-26 09:21:22.178 | INFO     | __main__:<module>:18 - Skipping sub1546 ses20210602 — nucleiVols.txt not found
2026-02-26 09:21:22.330 | INFO     | __main__:<module>:18 - Skipping sub2006 ses20200826 — nucleiVols.txt not found
2026-02-26 09:21:22.330 | INFO     | __main__:<module>:18 - Skipping sub2006 ses20210106 — nucleiVols.txt not found
2026-02-26 09:21:22.507 | INFO     | __main__:<module>:18 - Skipping sub2017 ses20200922 — nucleiVols.txt not found
2026-02-26 09:21:22.616 | INFO     | __main__:<module>:18 - Skipping sub2025 ses20211103 — nucleiVols.txt not found
2026-02-26 09:21:22.654 | INFO     | __main__:<module>:18 - Skipping sub2026 ses20191212 — nucleiVols.txt not found
2026-02-26 09:21:22.655 | INFO     | __main__:<module>:18 - Skipping sub2026 ses20210326 — nucleiVols.txt not found
2026-02-26 09:21:22.758 | INFO     | __main__:<module>:18 - Skipping sub2033 ses20200608 — nucleiVols.txt not found
2026-02-26 09:21:22.847 | INFO     | __main__:<module>:18 - Skipping sub2039 ses20201013 — nucleiVols.txt not found
2026-02-26 09:21:22.925 | INFO     | __main__:<module>:18 - Skipping sub2043 ses20200916 — nucleiVols.txt not found
2026-02-26 09:21:22.979 | INFO     | __main__:<module>:18 - Skipping sub2048 ses20190927 — nucleiVols.txt not found
2026-02-26 09:21:22.979 | INFO     | __main__:<module>:18 - Skipping sub2048 ses20200831 — nucleiVols.txt not found
2026-02-26 09:21:23.817 | INFO     | __main__:<module>:18 - Skipping sub2087 ses20200325 — nucleiVols.txt not found
2026-02-26 09:21:23.872 | INFO     | __main__:<module>:18 - Skipping sub2088 ses20190815 — nucleiVols.txt not found
2026-02-26 09:21:23.873 | INFO     | __main__:<module>:18 - Skipping sub2088 ses20200815 — nucleiVols.txt not found
2026-02-26 09:21:23.899 | INFO     | __main__:<module>:18 - Skipping sub2089 ses20210312 — nucleiVols.txt not found
2026-02-26 09:21:23.933 | INFO     | __main__:<module>:18 - Skipping sub2091 ses20201229 — nucleiVols.txt not found
2026-02-26 09:21:23.934 | INFO     | __main__:<module>:18 - Skipping sub2091 ses20210616 — nucleiVols.txt not found
2026-02-26 09:21:23.953 | INFO     | __main__:<module>:18 - Skipping sub2094 ses20170722 — nucleiVols.txt not found
2026-02-26 09:21:23.956 | INFO     | __main__:<module>:18 - Skipping sub2094 ses20190109 — nucleiVols.txt not found
2026-02-26 09:21:23.977 | INFO     | __main__:<module>:18 - Skipping sub2095 ses20190515 — nucleiVols.txt not found
2026-02-26 09:21:24.018 | INFO     | __main__:<module>:18 - Skipping sub2098 ses20201003 — nucleiVols.txt not found
2026-02-26 09:21:24.057 | INFO     | __main__:<module>:18 - Skipping sub2100 ses20180529 — nucleiVols.txt not found
2026-02-26 09:21:24.059 | INFO     | __main__:<module>:18 - Skipping sub2100 ses20190615 — nucleiVols.txt not found
2026-02-26 09:21:24.062 | INFO     | __main__:<module>:18 - Skipping sub2100 ses20201023 — nucleiVols.txt not found
2026-02-26 09:21:24.084 | INFO     | __main__:<module>:18 - Skipping sub2105 ses20180224 — nucleiVols.txt not found
2026-02-26 09:21:24.087 | INFO     | __main__:<module>:18 - Skipping sub2105 ses20190405 — nucleiVols.txt not found
2026-02-26 09:21:24.087 | INFO     | __main__:<module>:18 - Skipping sub2105 ses20200906 — nucleiVols.txt not found
2026-02-26 09:21:24.124 | INFO     | __main__:<module>:18 - Skipping sub2106 ses20190622 — nucleiVols.txt not found
2026-02-26 09:21:24.124 | INFO     | __main__:<module>:18 - Skipping sub2106 ses20210109 — nucleiVols.txt not found
2026-02-26 09:21:24.153 | INFO     | __main__:<module>:18 - Skipping sub2112 ses20200622 — nucleiVols.txt not found
2026-02-26 09:21:24.184 | INFO     | __main__:<module>:18 - Skipping sub2113 ses20180206 — nucleiVols.txt not found
2026-02-26 09:21:24.194 | INFO     | __main__:<module>:18 - Skipping sub2113 ses20190213 — nucleiVols.txt not found
2026-02-26 09:21:24.198 | INFO     | __main__:<module>:18 - Skipping sub2113 ses20200107 — nucleiVols.txt not found
2026-02-26 09:21:24.219 | INFO     | __main__:<module>:18 - Skipping sub2115 ses20180530 — nucleiVols.txt not found
2026-02-26 09:21:24.222 | INFO     | __main__:<module>:18 - Skipping sub2115 ses20191230 — nucleiVols.txt not found
2026-02-26 09:21:24.225 | INFO     | __main__:<module>:18 - Skipping sub2115 ses20201222 — nucleiVols.txt not found
2026-02-26 09:21:24.229 | INFO     | __main__:<module>:18 - Skipping sub2117 ses20170202 — nucleiVols.txt not found
2026-02-26 09:21:24.232 | INFO     | __main__:<module>:18 - Skipping sub2117 ses20180226 — nucleiVols.txt not found
2026-02-26 09:21:24.235 | INFO     | __main__:<module>:18 - Skipping sub2117 ses20181006 — nucleiVols.txt not found
2026-02-26 09:21:24.268 | INFO     | __main__:<module>:18 - Skipping sub2118 ses20181006 — nucleiVols.txt not found
2026-02-26 09:21:24.271 | INFO     | __main__:<module>:18 - Skipping sub2118 ses20191104 — nucleiVols.txt not found
2026-02-26 09:21:24.271 | INFO     | __main__:<module>:18 - Skipping sub2118 ses20201203 — nucleiVols.txt not found
2026-02-26 09:21:24.319 | INFO     | __main__:<module>:18 - Skipping sub2119 ses20191022 — nucleiVols.txt not found
2026-02-26 09:21:24.322 | INFO     | __main__:<module>:18 - Skipping sub2119 ses20200825 — nucleiVols.txt not found
2026-02-26 09:21:24.335 | INFO     | __main__:<module>:18 - Skipping sub2119 ses20210517 — nucleiVols.txt not found
2026-02-26 09:21:24.425 | INFO     | __main__:<module>:18 - Skipping sub2120 ses20201022 — nucleiVols.txt not found
2026-02-26 09:21:24.450 | INFO     | __main__:<module>:18 - Skipping sub2122 ses20181103 — nucleiVols.txt not found
2026-02-26 09:21:24.452 | INFO     | __main__:<module>:18 - Skipping sub2122 ses20200102 — nucleiVols.txt not found
2026-02-26 09:21:24.454 | INFO     | __main__:<module>:18 - Skipping sub2122 ses20210418 — nucleiVols.txt not found
2026-02-26 09:21:24.458 | INFO     | __main__:<module>:18 - Skipping sub2124 ses20190625 — nucleiVols.txt not found
2026-02-26 09:21:24.463 | INFO     | __main__:<module>:18 - Skipping sub2124 ses20201003 — nucleiVols.txt not found
2026-02-26 09:21:24.466 | INFO     | __main__:<module>:18 - Skipping sub2124 ses20210516 — nucleiVols.txt not found
2026-02-26 09:21:24.470 | INFO     | __main__:<module>:18 - Skipping sub2131 ses20190117 — nucleiVols.txt not found
2026-02-26 09:21:24.472 | INFO     | __main__:<module>:18 - Skipping sub2131 ses20201020 — nucleiVols.txt not found
2026-02-26 09:21:24.476 | INFO     | __main__:<module>:18 - Skipping sub2131 ses20211123 — nucleiVols.txt not found
2026-02-26 09:21:24.492 | INFO     | __main__:<module>:18 - Skipping sub2135 ses20190604 — nucleiVols.txt not found
2026-02-26 09:21:24.495 | INFO     | __main__:<module>:18 - Skipping sub2135 ses20200618 — nucleiVols.txt not found
2026-02-26 09:21:24.495 | INFO     | __main__:<module>:18 - Skipping sub2135 ses20210515 — nucleiVols.txt not found
2026-02-26 09:21:24.513 | INFO     | __main__:<module>:18 - Skipping sub2136 ses20191219 — nucleiVols.txt not found
2026-02-26 09:21:24.516 | INFO     | __main__:<module>:18 - Skipping sub2136 ses20210427 — nucleiVols.txt not found
2026-02-26 09:21:24.521 | INFO     | __main__:<module>:18 - Skipping sub2145 ses20190531 — nucleiVols.txt not found
2026-02-26 09:21:24.523 | INFO     | __main__:<module>:18 - Skipping sub2145 ses20201214 — nucleiVols.txt not found
2026-02-26 09:21:24.527 | INFO     | __main__:<module>:18 - Skipping sub2147 ses20190809 — nucleiVols.txt not found
2026-02-26 09:21:24.529 | INFO     | __main__:<module>:18 - Skipping sub2147 ses20201211 — nucleiVols.txt not found
2026-02-26 09:21:24.531 | INFO     | __main__:<module>:18 - Skipping sub2147 ses20211028 — nucleiVols.txt not found
2026-02-26 09:21:24.534 | INFO     | __main__:<module>:18 - Skipping sub2147 ses20220318 — nucleiVols.txt not found
2026-02-26 09:21:24.551 | INFO     | __main__:<module>:18 - Skipping sub2152 ses20190423 — nucleiVols.txt not found
2026-02-26 09:21:24.568 | INFO     | __main__:<module>:18 - Skipping sub2153 ses20200316 — nucleiVols.txt not found
2026-02-26 09:21:24.570 | INFO     | __main__:<module>:18 - Skipping sub2153 ses20210606 — nucleiVols.txt not found
2026-02-26 09:21:24.587 | INFO     | __main__:<module>:18 - Skipping sub2155 ses20190330 — nucleiVols.txt not found
2026-02-26 09:21:24.603 | INFO     | __main__:<module>:18 - Skipping sub2159 ses20190817 — nucleiVols.txt not found
2026-02-26 09:21:24.604 | INFO     | __main__:<module>:18 - Skipping sub2159 ses20201018 — nucleiVols.txt not found
2026-02-26 09:21:24.609 | INFO     | __main__:<module>:18 - Skipping sub2167 ses20180616 — nucleiVols.txt not found
2026-02-26 09:21:24.612 | INFO     | __main__:<module>:18 - Skipping sub2167 ses20191205 — nucleiVols.txt not found
2026-02-26 09:21:24.615 | INFO     | __main__:<module>:18 - Skipping sub2167 ses20210210 — nucleiVols.txt not found
2026-02-26 09:21:24.632 | INFO     | __main__:<module>:18 - Skipping sub2168 ses20190802 — nucleiVols.txt not found
2026-02-26 09:21:24.635 | INFO     | __main__:<module>:18 - Skipping sub2168 ses20200331 — nucleiVols.txt not found
2026-02-26 09:21:24.637 | INFO     | __main__:<module>:18 - Skipping sub2168 ses20210307 — nucleiVols.txt not found
2026-02-26 09:21:24.701 | INFO     | __main__:<module>:18 - Skipping sub2169 ses20190725 — nucleiVols.txt not found
2026-02-26 09:21:24.703 | INFO     | __main__:<module>:18 - Skipping sub2169 ses20201020 — nucleiVols.txt not found
2026-02-26 09:21:24.705 | INFO     | __main__:<module>:18 - Skipping sub2169 ses20211012 — nucleiVols.txt not found
2026-02-26 09:21:24.710 | INFO     | __main__:<module>:18 - Skipping sub2170 ses20200117 — nucleiVols.txt not found
2026-02-26 09:21:24.713 | INFO     | __main__:<module>:18 - Skipping sub2170 ses20210130 — nucleiVols.txt not found
2026-02-26 09:21:24.753 | INFO     | __main__:<module>:18 - Skipping sub2171 ses20180629 — nucleiVols.txt not found
2026-02-26 09:21:24.756 | INFO     | __main__:<module>:18 - Skipping sub2171 ses20190414 — nucleiVols.txt not found
2026-02-26 09:21:24.756 | INFO     | __main__:<module>:18 - Skipping sub2171 ses20200724 — nucleiVols.txt not found
2026-02-26 09:21:24.803 | INFO     | __main__:<module>:18 - Skipping sub2173 ses20180727 — nucleiVols.txt not found
2026-02-26 09:21:24.821 | INFO     | __main__:<module>:18 - Skipping sub2174 ses20180813 — nucleiVols.txt not found
2026-02-26 09:21:24.823 | INFO     | __main__:<module>:18 - Skipping sub2174 ses20200521 — nucleiVols.txt not found
2026-02-26 09:21:24.825 | INFO     | __main__:<module>:18 - Skipping sub2174 ses20210429 — nucleiVols.txt not found
2026-02-26 09:21:24.841 | INFO     | __main__:<module>:18 - Skipping sub2178 ses20180729 — nucleiVols.txt not found
2026-02-26 09:21:24.860 | INFO     | __main__:<module>:18 - Skipping sub2188 ses20201214 — nucleiVols.txt not found
2026-02-26 09:21:24.870 | INFO     | __main__:<module>:18 - Skipping sub2188 ses20220227 — nucleiVols.txt not found
2026-02-26 09:21:24.873 | INFO     | __main__:<module>:18 - Skipping sub2189 ses20200510 — nucleiVols.txt not found
2026-02-26 09:21:24.875 | INFO     | __main__:<module>:18 - Skipping sub2189 ses20220201 — nucleiVols.txt not found
2026-02-26 09:21:24.880 | INFO     | __main__:<module>:18 - Skipping sub2191 ses20190606 — nucleiVols.txt not found
2026-02-26 09:21:24.882 | INFO     | __main__:<module>:18 - Skipping sub2191 ses20200702 — nucleiVols.txt not found
2026-02-26 09:21:24.886 | INFO     | __main__:<module>:18 - Skipping sub2191 ses20210118 — nucleiVols.txt not found
2026-02-26 09:21:24.900 | INFO     | __main__:<module>:18 - Skipping sub2195 ses20191112 — nucleiVols.txt not found
2026-02-26 09:21:24.901 | INFO     | __main__:<module>:18 - Skipping sub2195 ses20201106 — nucleiVols.txt not found
2026-02-26 09:21:24.940 | INFO     | __main__:<module>:18 - Skipping sub2207 ses20200319 — nucleiVols.txt not found
2026-02-26 09:21:24.956 | INFO     | __main__:<module>:18 - Skipping sub2210 ses20210316 — nucleiVols.txt not found
2026-02-26 09:21:24.959 | INFO     | __main__:<module>:18 - Skipping sub2210 ses20220329 — nucleiVols.txt not found
2026-02-26 09:21:24.994 | INFO     | __main__:<module>:18 - Skipping sub2213 ses20180623 — nucleiVols.txt not found
2026-02-26 09:21:24.996 | INFO     | __main__:<module>:18 - Skipping sub2213 ses20190507 — nucleiVols.txt not found
2026-02-26 09:21:24.997 | INFO     | __main__:<module>:18 - Skipping sub2213 ses20200930 — nucleiVols.txt not found
2026-02-26 09:21:25.075 | INFO     | __main__:<module>:18 - Skipping sub2217 ses20190411 — nucleiVols.txt not found
2026-02-26 09:21:25.093 | INFO     | __main__:<module>:18 - Skipping sub2218 ses20210106 — nucleiVols.txt not found
2026-02-26 09:21:25.096 | INFO     | __main__:<module>:18 - Skipping sub2218 ses20220214 — nucleiVols.txt not found
2026-02-26 09:21:25.100 | INFO     | __main__:<module>:18 - Skipping sub2223 ses20181109 — nucleiVols.txt not found
2026-02-26 09:21:25.101 | INFO     | __main__:<module>:18 - Skipping sub2223 ses20200609 — nucleiVols.txt not found
2026-02-26 09:21:25.107 | INFO     | __main__:<module>:18 - Skipping sub2230 ses20190323 — nucleiVols.txt not found
2026-02-26 09:21:25.109 | INFO     | __main__:<module>:18 - Skipping sub2230 ses20201204 — nucleiVols.txt not found
2026-02-26 09:21:25.113 | INFO     | __main__:<module>:18 - Skipping sub2230 ses20211211 — nucleiVols.txt not found
2026-02-26 09:21:25.127 | INFO     | __main__:<module>:18 - Skipping sub2263 ses20180727 — nucleiVols.txt not found
2026-02-26 09:21:25.129 | INFO     | __main__:<module>:18 - Skipping sub2263 ses20191104 — nucleiVols.txt not found
2026-02-26 09:21:25.169 | INFO     | __main__:<module>:18 - Skipping sub2264 ses20180509 — nucleiVols.txt not found
2026-02-26 09:21:25.174 | INFO     | __main__:<module>:18 - Skipping sub2264 ses20190509 — nucleiVols.txt not found
2026-02-26 09:21:25.201 | INFO     | __main__:<module>:18 - Skipping sub2268 ses20180816 — nucleiVols.txt not found
2026-02-26 09:21:25.267 | INFO     | __main__:<module>:18 - Skipping sub3007 ses20180721 — nucleiVols.txt not found
2026-02-26 09:21:25.269 | INFO     | __main__:<module>:18 - Skipping sub3007 ses20190714 — nucleiVols.txt not found
2026-02-26 09:21:25.301 | INFO     | __main__:<module>:18 - Skipping sub3015 ses20200311 — nucleiVols.txt not found
2026-02-26 09:21:25.347 | INFO     | __main__:<module>:18 - Skipping sub3016 ses20190409 — nucleiVols.txt not found
2026-02-26 09:21:25.351 | INFO     | __main__:<module>:18 - Skipping sub3016 ses20200723 — nucleiVols.txt not found
2026-02-26 09:21:25.390 | INFO     | __main__:<module>:18 - Skipping sub3017 ses20170213 — nucleiVols.txt not found
2026-02-26 09:21:25.391 | INFO     | __main__:<module>:18 - Skipping sub3017 ses20180822 — nucleiVols.txt not found
2026-02-26 09:21:25.392 | INFO     | __main__:<module>:18 - Skipping sub3017 ses20190619 — nucleiVols.txt not found
2026-02-26 09:21:25.425 | INFO     | __main__:<module>:18 - Skipping sub3021 ses20180610 — nucleiVols.txt not found
2026-02-26 09:21:25.427 | INFO     | __main__:<module>:18 - Skipping sub3021 ses20190801 — nucleiVols.txt not found
2026-02-26 09:21:25.427 | INFO     | __main__:<module>:18 - Skipping sub3021 ses20200815 — nucleiVols.txt not found
2026-02-26 09:21:25.458 | INFO     | __main__:<module>:18 - Skipping sub3023 ses20191203 — nucleiVols.txt not found
2026-02-26 09:21:25.458 | INFO     | __main__:<module>:18 - Skipping sub3023 ses20201206 — nucleiVols.txt not found
2026-02-26 09:21:43.223 | INFO     | __main__:<module>:18 - Done.
2026-02-26 09:25:43.906 | INFO     | __main__:<module>:18 - Skipping sub1003 ses20200728 — nucleiVols.txt not found
2026-02-26 09:25:43.924 | INFO     | __main__:<module>:18 - Skipping sub1017 ses20201110 — nucleiVols.txt not found
2026-02-26 09:25:43.941 | INFO     | __main__:<module>:18 - Skipping sub1038 ses20201123 — nucleiVols.txt not found
2026-02-26 09:25:43.944 | INFO     | __main__:<module>:18 - Skipping sub1039 ses20210307 — nucleiVols.txt not found
2026-02-26 09:25:43.946 | INFO     | __main__:<module>:18 - Skipping sub1042 ses20191023 — nucleiVols.txt not found
2026-02-26 09:25:43.946 | INFO     | __main__:<module>:18 - Skipping sub1042 ses20201227 — nucleiVols.txt not found
2026-02-26 09:25:43.948 | INFO     | __main__:<module>:18 - Skipping sub1044 ses20201117 — nucleiVols.txt not found
2026-02-26 09:25:43.966 | INFO     | __main__:<module>:18 - Skipping sub1063 ses20200327 — nucleiVols.txt not found
2026-02-26 09:25:43.966 | INFO     | __main__:<module>:18 - Skipping sub1063 ses20201230 — nucleiVols.txt not found
2026-02-26 09:25:43.968 | INFO     | __main__:<module>:18 - Skipping sub1065 ses20200621 — nucleiVols.txt not found
2026-02-26 09:25:43.985 | INFO     | __main__:<module>:18 - Skipping sub1082 ses20191219 — nucleiVols.txt not found
2026-02-26 09:25:43.985 | INFO     | __main__:<module>:18 - Skipping sub1082 ses20210102 — nucleiVols.txt not found
2026-02-26 09:25:43.991 | INFO     | __main__:<module>:18 - Skipping sub1094 ses20190927 — nucleiVols.txt not found
2026-02-26 09:25:44.017 | INFO     | __main__:<module>:18 - Skipping sub1119 ses20191229 — nucleiVols.txt not found
2026-02-26 09:25:44.088 | INFO     | __main__:<module>:18 - Skipping sub1124 ses20191009 — nucleiVols.txt not found
2026-02-26 09:25:44.089 | INFO     | __main__:<module>:18 - Skipping sub1125 ses20191030 — nucleiVols.txt not found
2026-02-26 09:25:44.096 | INFO     | __main__:<module>:18 - Skipping sub1131 ses20191221 — nucleiVols.txt not found
2026-02-26 09:25:44.096 | INFO     | __main__:<module>:18 - Skipping sub1131 ses20201218 — nucleiVols.txt not found
2026-02-26 09:25:44.099 | INFO     | __main__:<module>:18 - Skipping sub1133 ses20200611 — nucleiVols.txt not found
2026-02-26 09:25:44.099 | INFO     | __main__:<module>:18 - Skipping sub1133 ses20210507 — nucleiVols.txt not found
2026-02-26 09:25:44.104 | INFO     | __main__:<module>:18 - Skipping sub1138 ses20200714 — nucleiVols.txt not found
2026-02-26 09:25:44.125 | INFO     | __main__:<module>:18 - Skipping sub1150 ses20201105 — nucleiVols.txt not found
2026-02-26 09:25:44.127 | INFO     | __main__:<module>:18 - Skipping sub1152 ses20200606 — nucleiVols.txt not found
2026-02-26 09:25:44.130 | INFO     | __main__:<module>:18 - Skipping sub1154 ses20201124 — nucleiVols.txt not found
2026-02-26 09:25:44.141 | INFO     | __main__:<module>:18 - Skipping sub1165 ses20200513 — nucleiVols.txt not found
2026-02-26 09:25:44.142 | INFO     | __main__:<module>:18 - Skipping sub1165 ses20220207 — nucleiVols.txt not found
2026-02-26 09:25:44.144 | INFO     | __main__:<module>:18 - Skipping sub1167 ses20200921 — nucleiVols.txt not found
2026-02-26 09:25:44.155 | INFO     | __main__:<module>:18 - Skipping sub1182 ses20200701 — nucleiVols.txt not found
2026-02-26 09:25:44.156 | INFO     | __main__:<module>:18 - Skipping sub1182 ses20210708 — nucleiVols.txt not found
2026-02-26 09:25:44.166 | WARNING  | __main__:<module>:24 - sub1201 ses20161021: Unexpected keys in left nucleiVols: ['1-THALAMUS', '2-AV', '4-VA', '5-VLa', '6-VLP', '7-VPL', '8-Pul', '9-LGN', '10-MGN', '11-CM', '12-MD-Pf', '13-Hb', '14-MTT', '26-Acc', '27-Cau', '28-Cla', '29-GPe', '30-GPi', '31-Put', '32-RN', '33-GP', '34-Amy', '1-THALAMUS_cropped', '2-AV_cropped', '4-VA_cropped', '5-VLa_cropped', '6-VLP_cropped', '7-VPL_cropped', '8-Pul_cropped', '9-LGN_cropped', '10-MGN_cropped', '11-CM_cropped', '12-MD-Pf_cropped', '13-Hb_cropped', '14-MTT_cropped', '26-Acc_cropped', '27-Cau_cropped', '28-Cla_cropped', '29-GPe_cropped', '30-GPi_cropped', '31-Put_cropped', '32-RN_cropped', '33-GP_cropped', '34-Amy_cropped']
2026-02-26 09:25:44.168 | INFO     | __main__:<module>:18 - Skipping sub1201 ses20200113 — nucleiVols.txt not found
2026-02-26 09:25:44.178 | INFO     | __main__:<module>:18 - Skipping sub1211 ses20200306 — nucleiVols.txt not found
2026-02-26 09:25:44.189 | INFO     | __main__:<module>:18 - Skipping sub1225 ses20200408 — nucleiVols.txt not found
2026-02-26 09:25:44.210 | INFO     | __main__:<module>:18 - Skipping sub1235 ses20191228 — nucleiVols.txt not found
2026-02-26 09:25:44.215 | INFO     | __main__:<module>:18 - Skipping sub1239 ses20200612 — nucleiVols.txt not found
2026-02-26 09:25:44.240 | INFO     | __main__:<module>:18 - Skipping sub1257 ses20200311 — nucleiVols.txt not found
2026-02-26 09:25:44.321 | INFO     | __main__:<module>:18 - Skipping sub1290 ses20200717 — nucleiVols.txt not found
2026-02-26 09:25:44.326 | INFO     | __main__:<module>:18 - Skipping sub1293 ses20200315 — nucleiVols.txt not found
2026-02-26 09:25:44.327 | INFO     | __main__:<module>:18 - Skipping sub1293 ses20201028 — nucleiVols.txt not found
2026-02-26 09:25:44.327 | INFO     | __main__:<module>:18 - Skipping sub1293 ses20210219 — nucleiVols.txt not found
2026-02-26 09:25:44.328 | INFO     | __main__:<module>:18 - Skipping sub1293 ses20220322 — nucleiVols.txt not found
2026-02-26 09:25:44.450 | INFO     | __main__:<module>:18 - Skipping sub1318 ses20201002 — nucleiVols.txt not found
2026-02-26 09:25:44.462 | INFO     | __main__:<module>:18 - Skipping sub1335 ses20200923 — nucleiVols.txt not found
2026-02-26 09:25:44.500 | INFO     | __main__:<module>:18 - Skipping sub1336 ses20201006 — nucleiVols.txt not found
2026-02-26 09:25:44.504 | INFO     | __main__:<module>:18 - Skipping sub1339 ses20201120 — nucleiVols.txt not found
2026-02-26 09:25:44.507 | INFO     | __main__:<module>:18 - Skipping sub1341 ses20200822 — nucleiVols.txt not found
2026-02-26 09:25:44.508 | INFO     | __main__:<module>:18 - Skipping sub1343 ses20201114 — nucleiVols.txt not found
2026-02-26 09:25:44.509 | INFO     | __main__:<module>:18 - Skipping sub1343 ses20210329 — nucleiVols.txt not found
2026-02-26 09:25:44.621 | INFO     | __main__:<module>:18 - Skipping sub1360 ses20210104 — nucleiVols.txt not found
2026-02-26 09:25:44.630 | INFO     | __main__:<module>:18 - Skipping sub1371 ses20210301 — nucleiVols.txt not found
2026-02-26 09:25:44.637 | INFO     | __main__:<module>:18 - Skipping sub1377 ses20200803 — nucleiVols.txt not found
2026-02-26 09:25:44.735 | INFO     | __main__:<module>:18 - Skipping sub1432 ses20201023 — nucleiVols.txt not found
2026-02-26 09:25:44.822 | INFO     | __main__:<module>:18 - Skipping sub1465 ses20160911 — nucleiVols.txt not found
2026-02-26 09:25:44.826 | INFO     | __main__:<module>:18 - Skipping sub1479 ses20200922 — nucleiVols.txt not found
2026-02-26 09:25:44.885 | INFO     | __main__:<module>:18 - Skipping sub1495 ses20200710 — nucleiVols.txt not found
2026-02-26 09:25:44.922 | INFO     | __main__:<module>:18 - Skipping sub1508 ses20200911 — nucleiVols.txt not found
2026-02-26 09:25:44.932 | INFO     | __main__:<module>:18 - Skipping sub1523 ses20200917 — nucleiVols.txt not found
2026-02-26 09:25:44.937 | INFO     | __main__:<module>:18 - Skipping sub1529 ses20201113 — nucleiVols.txt not found
2026-02-26 09:25:44.940 | WARNING  | __main__:<module>:24 - sub1531 ses20190208: list index out of range
2026-02-26 09:25:44.941 | INFO     | __main__:<module>:18 - Skipping sub1531 ses20201227 — nucleiVols.txt not found
2026-02-26 09:25:45.010 | INFO     | __main__:<module>:18 - Skipping sub1536 ses20201111 — nucleiVols.txt not found
2026-02-26 09:25:45.015 | INFO     | __main__:<module>:18 - Skipping sub1544 ses20220706 — nucleiVols.txt not found
2026-02-26 09:25:45.016 | INFO     | __main__:<module>:18 - Skipping sub1546 ses20210602 — nucleiVols.txt not found
2026-02-26 09:25:45.023 | INFO     | __main__:<module>:18 - Skipping sub2006 ses20200826 — nucleiVols.txt not found
2026-02-26 09:25:45.023 | INFO     | __main__:<module>:18 - Skipping sub2006 ses20210106 — nucleiVols.txt not found
2026-02-26 09:25:45.028 | INFO     | __main__:<module>:18 - Skipping sub2017 ses20200922 — nucleiVols.txt not found
2026-02-26 09:25:45.035 | INFO     | __main__:<module>:18 - Skipping sub2025 ses20211103 — nucleiVols.txt not found
2026-02-26 09:25:45.037 | INFO     | __main__:<module>:18 - Skipping sub2026 ses20191212 — nucleiVols.txt not found
2026-02-26 09:25:45.037 | INFO     | __main__:<module>:18 - Skipping sub2026 ses20210326 — nucleiVols.txt not found
2026-02-26 09:25:45.041 | INFO     | __main__:<module>:18 - Skipping sub2033 ses20200608 — nucleiVols.txt not found
2026-02-26 09:25:45.086 | INFO     | __main__:<module>:18 - Skipping sub2039 ses20201013 — nucleiVols.txt not found
2026-02-26 09:25:45.089 | INFO     | __main__:<module>:18 - Skipping sub2043 ses20200916 — nucleiVols.txt not found
2026-02-26 09:25:45.091 | INFO     | __main__:<module>:18 - Skipping sub2048 ses20190927 — nucleiVols.txt not found
2026-02-26 09:25:45.091 | INFO     | __main__:<module>:18 - Skipping sub2048 ses20200831 — nucleiVols.txt not found
2026-02-26 09:25:45.231 | INFO     | __main__:<module>:18 - Skipping sub2087 ses20200325 — nucleiVols.txt not found
2026-02-26 09:25:45.297 | INFO     | __main__:<module>:18 - Skipping sub2088 ses20190815 — nucleiVols.txt not found
2026-02-26 09:25:45.297 | INFO     | __main__:<module>:18 - Skipping sub2088 ses20200815 — nucleiVols.txt not found
2026-02-26 09:25:45.298 | INFO     | __main__:<module>:18 - Skipping sub2089 ses20210312 — nucleiVols.txt not found
2026-02-26 09:25:45.354 | INFO     | __main__:<module>:18 - Skipping sub2091 ses20201229 — nucleiVols.txt not found
2026-02-26 09:25:45.354 | INFO     | __main__:<module>:18 - Skipping sub2091 ses20210616 — nucleiVols.txt not found
2026-02-26 09:25:45.354 | INFO     | __main__:<module>:18 - Skipping sub2094 ses20170722 — nucleiVols.txt not found
2026-02-26 09:25:45.390 | INFO     | __main__:<module>:18 - Skipping sub2095 ses20190515 — nucleiVols.txt not found
2026-02-26 09:25:45.391 | INFO     | __main__:<module>:18 - Skipping sub2098 ses20201003 — nucleiVols.txt not found
2026-02-26 09:25:45.392 | INFO     | __main__:<module>:18 - Skipping sub2100 ses20180529 — nucleiVols.txt not found
2026-02-26 09:25:45.392 | INFO     | __main__:<module>:18 - Skipping sub2100 ses20190615 — nucleiVols.txt not found
2026-02-26 09:25:45.392 | INFO     | __main__:<module>:18 - Skipping sub2100 ses20201023 — nucleiVols.txt not found
2026-02-26 09:25:45.393 | INFO     | __main__:<module>:18 - Skipping sub2105 ses20180224 — nucleiVols.txt not found
2026-02-26 09:25:45.393 | INFO     | __main__:<module>:18 - Skipping sub2105 ses20190405 — nucleiVols.txt not found
2026-02-26 09:25:45.393 | INFO     | __main__:<module>:18 - Skipping sub2105 ses20200906 — nucleiVols.txt not found
2026-02-26 09:25:45.394 | INFO     | __main__:<module>:18 - Skipping sub2106 ses20190622 — nucleiVols.txt not found
2026-02-26 09:25:45.394 | INFO     | __main__:<module>:18 - Skipping sub2106 ses20210109 — nucleiVols.txt not found
2026-02-26 09:25:45.395 | INFO     | __main__:<module>:18 - Skipping sub2112 ses20200622 — nucleiVols.txt not found
2026-02-26 09:25:45.397 | INFO     | __main__:<module>:18 - Skipping sub2113 ses20180206 — nucleiVols.txt not found
2026-02-26 09:25:45.397 | INFO     | __main__:<module>:18 - Skipping sub2113 ses20190213 — nucleiVols.txt not found
2026-02-26 09:25:45.397 | INFO     | __main__:<module>:18 - Skipping sub2113 ses20200107 — nucleiVols.txt not found
2026-02-26 09:25:45.397 | INFO     | __main__:<module>:18 - Skipping sub2115 ses20180530 — nucleiVols.txt not found
2026-02-26 09:25:45.398 | INFO     | __main__:<module>:18 - Skipping sub2115 ses20191230 — nucleiVols.txt not found
2026-02-26 09:25:45.398 | INFO     | __main__:<module>:18 - Skipping sub2115 ses20201222 — nucleiVols.txt not found
2026-02-26 09:25:45.398 | INFO     | __main__:<module>:18 - Skipping sub2117 ses20170202 — nucleiVols.txt not found
2026-02-26 09:25:45.398 | INFO     | __main__:<module>:18 - Skipping sub2117 ses20180226 — nucleiVols.txt not found
2026-02-26 09:25:45.398 | INFO     | __main__:<module>:18 - Skipping sub2117 ses20181006 — nucleiVols.txt not found
2026-02-26 09:25:45.398 | INFO     | __main__:<module>:18 - Skipping sub2118 ses20181006 — nucleiVols.txt not found
2026-02-26 09:25:45.399 | INFO     | __main__:<module>:18 - Skipping sub2118 ses20191104 — nucleiVols.txt not found
2026-02-26 09:25:45.399 | INFO     | __main__:<module>:18 - Skipping sub2118 ses20201203 — nucleiVols.txt not found
2026-02-26 09:25:45.406 | INFO     | __main__:<module>:18 - Skipping sub2119 ses20191022 — nucleiVols.txt not found
2026-02-26 09:25:45.407 | INFO     | __main__:<module>:18 - Skipping sub2119 ses20200825 — nucleiVols.txt not found
2026-02-26 09:25:45.407 | INFO     | __main__:<module>:18 - Skipping sub2119 ses20210517 — nucleiVols.txt not found
2026-02-26 09:25:45.408 | INFO     | __main__:<module>:18 - Skipping sub2120 ses20201022 — nucleiVols.txt not found
2026-02-26 09:25:45.408 | INFO     | __main__:<module>:18 - Skipping sub2122 ses20181103 — nucleiVols.txt not found
2026-02-26 09:25:45.409 | INFO     | __main__:<module>:18 - Skipping sub2122 ses20200102 — nucleiVols.txt not found
2026-02-26 09:25:45.409 | INFO     | __main__:<module>:18 - Skipping sub2122 ses20210418 — nucleiVols.txt not found
2026-02-26 09:25:45.410 | INFO     | __main__:<module>:18 - Skipping sub2124 ses20190625 — nucleiVols.txt not found
2026-02-26 09:25:45.410 | INFO     | __main__:<module>:18 - Skipping sub2124 ses20201003 — nucleiVols.txt not found
2026-02-26 09:25:45.410 | INFO     | __main__:<module>:18 - Skipping sub2124 ses20210516 — nucleiVols.txt not found
2026-02-26 09:25:45.410 | INFO     | __main__:<module>:18 - Skipping sub2131 ses20190117 — nucleiVols.txt not found
2026-02-26 09:25:45.410 | INFO     | __main__:<module>:18 - Skipping sub2131 ses20201020 — nucleiVols.txt not found
2026-02-26 09:25:45.410 | INFO     | __main__:<module>:18 - Skipping sub2131 ses20211123 — nucleiVols.txt not found
2026-02-26 09:25:45.411 | INFO     | __main__:<module>:18 - Skipping sub2135 ses20190604 — nucleiVols.txt not found
2026-02-26 09:25:45.411 | INFO     | __main__:<module>:18 - Skipping sub2135 ses20200618 — nucleiVols.txt not found
2026-02-26 09:25:45.411 | INFO     | __main__:<module>:18 - Skipping sub2135 ses20210515 — nucleiVols.txt not found
2026-02-26 09:25:45.412 | INFO     | __main__:<module>:18 - Skipping sub2136 ses20191219 — nucleiVols.txt not found
2026-02-26 09:25:45.412 | INFO     | __main__:<module>:18 - Skipping sub2136 ses20210427 — nucleiVols.txt not found
2026-02-26 09:25:45.412 | INFO     | __main__:<module>:18 - Skipping sub2145 ses20190531 — nucleiVols.txt not found
2026-02-26 09:25:45.412 | INFO     | __main__:<module>:18 - Skipping sub2145 ses20201214 — nucleiVols.txt not found
2026-02-26 09:25:45.412 | INFO     | __main__:<module>:18 - Skipping sub2147 ses20190809 — nucleiVols.txt not found
2026-02-26 09:25:45.412 | INFO     | __main__:<module>:18 - Skipping sub2147 ses20201211 — nucleiVols.txt not found
2026-02-26 09:25:45.412 | INFO     | __main__:<module>:18 - Skipping sub2147 ses20211028 — nucleiVols.txt not found
2026-02-26 09:25:45.413 | INFO     | __main__:<module>:18 - Skipping sub2147 ses20220318 — nucleiVols.txt not found
2026-02-26 09:25:45.413 | INFO     | __main__:<module>:18 - Skipping sub2152 ses20190423 — nucleiVols.txt not found
2026-02-26 09:25:45.414 | INFO     | __main__:<module>:18 - Skipping sub2153 ses20200316 — nucleiVols.txt not found
2026-02-26 09:25:45.414 | INFO     | __main__:<module>:18 - Skipping sub2153 ses20210606 — nucleiVols.txt not found
2026-02-26 09:25:45.415 | INFO     | __main__:<module>:18 - Skipping sub2155 ses20190330 — nucleiVols.txt not found
2026-02-26 09:25:45.415 | INFO     | __main__:<module>:18 - Skipping sub2159 ses20190817 — nucleiVols.txt not found
2026-02-26 09:25:45.415 | INFO     | __main__:<module>:18 - Skipping sub2159 ses20201018 — nucleiVols.txt not found
2026-02-26 09:25:45.415 | INFO     | __main__:<module>:18 - Skipping sub2167 ses20180616 — nucleiVols.txt not found
2026-02-26 09:25:45.415 | INFO     | __main__:<module>:18 - Skipping sub2167 ses20191205 — nucleiVols.txt not found
2026-02-26 09:25:45.416 | INFO     | __main__:<module>:18 - Skipping sub2167 ses20210210 — nucleiVols.txt not found
2026-02-26 09:25:45.416 | INFO     | __main__:<module>:18 - Skipping sub2168 ses20190802 — nucleiVols.txt not found
2026-02-26 09:25:45.416 | INFO     | __main__:<module>:18 - Skipping sub2168 ses20200331 — nucleiVols.txt not found
2026-02-26 09:25:45.416 | INFO     | __main__:<module>:18 - Skipping sub2168 ses20210307 — nucleiVols.txt not found
2026-02-26 09:25:45.417 | INFO     | __main__:<module>:18 - Skipping sub2169 ses20190725 — nucleiVols.txt not found
2026-02-26 09:25:45.417 | INFO     | __main__:<module>:18 - Skipping sub2169 ses20201020 — nucleiVols.txt not found
2026-02-26 09:25:45.417 | INFO     | __main__:<module>:18 - Skipping sub2169 ses20211012 — nucleiVols.txt not found
2026-02-26 09:25:45.417 | INFO     | __main__:<module>:18 - Skipping sub2170 ses20200117 — nucleiVols.txt not found
2026-02-26 09:25:45.417 | INFO     | __main__:<module>:18 - Skipping sub2170 ses20210130 — nucleiVols.txt not found
2026-02-26 09:25:45.418 | INFO     | __main__:<module>:18 - Skipping sub2171 ses20180629 — nucleiVols.txt not found
2026-02-26 09:25:45.418 | INFO     | __main__:<module>:18 - Skipping sub2171 ses20190414 — nucleiVols.txt not found
2026-02-26 09:25:45.418 | INFO     | __main__:<module>:18 - Skipping sub2171 ses20200724 — nucleiVols.txt not found
2026-02-26 09:25:45.419 | INFO     | __main__:<module>:18 - Skipping sub2173 ses20180727 — nucleiVols.txt not found
2026-02-26 09:25:45.420 | INFO     | __main__:<module>:18 - Skipping sub2174 ses20180813 — nucleiVols.txt not found
2026-02-26 09:25:45.420 | INFO     | __main__:<module>:18 - Skipping sub2174 ses20200521 — nucleiVols.txt not found
2026-02-26 09:25:45.481 | INFO     | __main__:<module>:18 - Skipping sub2174 ses20210429 — nucleiVols.txt not found
2026-02-26 09:25:45.482 | INFO     | __main__:<module>:18 - Skipping sub2178 ses20180729 — nucleiVols.txt not found
2026-02-26 09:25:45.483 | INFO     | __main__:<module>:18 - Skipping sub2188 ses20201214 — nucleiVols.txt not found
2026-02-26 09:25:45.504 | INFO     | __main__:<module>:18 - Skipping sub2188 ses20220227 — nucleiVols.txt not found
2026-02-26 09:25:45.542 | INFO     | __main__:<module>:18 - Skipping sub2189 ses20200510 — nucleiVols.txt not found
2026-02-26 09:25:45.602 | INFO     | __main__:<module>:18 - Skipping sub2189 ses20220201 — nucleiVols.txt not found
2026-02-26 09:25:45.604 | INFO     | __main__:<module>:18 - Skipping sub2191 ses20190606 — nucleiVols.txt not found
2026-02-26 09:25:45.604 | INFO     | __main__:<module>:18 - Skipping sub2191 ses20200702 — nucleiVols.txt not found
2026-02-26 09:25:45.678 | INFO     | __main__:<module>:18 - Skipping sub2191 ses20210118 — nucleiVols.txt not found
2026-02-26 09:25:45.679 | INFO     | __main__:<module>:18 - Skipping sub2195 ses20191112 — nucleiVols.txt not found
2026-02-26 09:25:45.679 | INFO     | __main__:<module>:18 - Skipping sub2195 ses20201106 — nucleiVols.txt not found
2026-02-26 09:25:45.680 | INFO     | __main__:<module>:18 - Skipping sub2207 ses20200319 — nucleiVols.txt not found
2026-02-26 09:25:45.681 | INFO     | __main__:<module>:18 - Skipping sub2210 ses20210316 — nucleiVols.txt not found
2026-02-26 09:25:45.681 | INFO     | __main__:<module>:18 - Skipping sub2210 ses20220329 — nucleiVols.txt not found
2026-02-26 09:25:45.698 | INFO     | __main__:<module>:18 - Skipping sub2213 ses20180623 — nucleiVols.txt not found
2026-02-26 09:25:45.700 | INFO     | __main__:<module>:18 - Skipping sub2213 ses20190507 — nucleiVols.txt not found
2026-02-26 09:25:45.700 | INFO     | __main__:<module>:18 - Skipping sub2213 ses20200930 — nucleiVols.txt not found
2026-02-26 09:25:45.703 | INFO     | __main__:<module>:18 - Skipping sub2217 ses20190411 — nucleiVols.txt not found
2026-02-26 09:25:45.704 | INFO     | __main__:<module>:18 - Skipping sub2218 ses20210106 — nucleiVols.txt not found
2026-02-26 09:25:45.705 | INFO     | __main__:<module>:18 - Skipping sub2218 ses20220214 — nucleiVols.txt not found
2026-02-26 09:25:45.707 | INFO     | __main__:<module>:18 - Skipping sub2223 ses20181109 — nucleiVols.txt not found
2026-02-26 09:25:45.709 | INFO     | __main__:<module>:18 - Skipping sub2223 ses20200609 — nucleiVols.txt not found
2026-02-26 09:25:45.710 | INFO     | __main__:<module>:18 - Skipping sub2230 ses20190323 — nucleiVols.txt not found
2026-02-26 09:25:45.712 | INFO     | __main__:<module>:18 - Skipping sub2230 ses20201204 — nucleiVols.txt not found
2026-02-26 09:25:45.735 | INFO     | __main__:<module>:18 - Skipping sub2230 ses20211211 — nucleiVols.txt not found
2026-02-26 09:25:45.738 | INFO     | __main__:<module>:18 - Skipping sub2263 ses20180727 — nucleiVols.txt not found
2026-02-26 09:25:45.740 | INFO     | __main__:<module>:18 - Skipping sub2263 ses20191104 — nucleiVols.txt not found
2026-02-26 09:25:45.804 | INFO     | __main__:<module>:18 - Skipping sub2264 ses20180509 — nucleiVols.txt not found
2026-02-26 09:25:45.806 | INFO     | __main__:<module>:18 - Skipping sub2264 ses20190509 — nucleiVols.txt not found
2026-02-26 09:25:45.807 | INFO     | __main__:<module>:18 - Skipping sub2268 ses20180816 — nucleiVols.txt not found
2026-02-26 09:25:45.809 | INFO     | __main__:<module>:18 - Skipping sub3007 ses20180721 — nucleiVols.txt not found
2026-02-26 09:25:45.809 | INFO     | __main__:<module>:18 - Skipping sub3007 ses20190714 — nucleiVols.txt not found
2026-02-26 09:25:45.811 | INFO     | __main__:<module>:18 - Skipping sub3015 ses20200311 — nucleiVols.txt not found
2026-02-26 09:25:45.812 | INFO     | __main__:<module>:18 - Skipping sub3016 ses20190409 — nucleiVols.txt not found
2026-02-26 09:25:45.858 | INFO     | __main__:<module>:18 - Skipping sub3016 ses20200723 — nucleiVols.txt not found
2026-02-26 09:25:45.859 | INFO     | __main__:<module>:18 - Skipping sub3017 ses20170213 — nucleiVols.txt not found
2026-02-26 09:25:45.859 | INFO     | __main__:<module>:18 - Skipping sub3017 ses20180822 — nucleiVols.txt not found
2026-02-26 09:25:45.860 | INFO     | __main__:<module>:18 - Skipping sub3017 ses20190619 — nucleiVols.txt not found
2026-02-26 09:25:45.877 | INFO     | __main__:<module>:18 - Skipping sub3021 ses20180610 — nucleiVols.txt not found
2026-02-26 09:25:45.877 | INFO     | __main__:<module>:18 - Skipping sub3021 ses20190801 — nucleiVols.txt not found
2026-02-26 09:25:45.877 | INFO     | __main__:<module>:18 - Skipping sub3021 ses20200815 — nucleiVols.txt not found
2026-02-26 09:25:45.881 | INFO     | __main__:<module>:18 - Skipping sub3023 ses20191203 — nucleiVols.txt not found
2026-02-26 09:25:45.881 | INFO     | __main__:<module>:18 - Skipping sub3023 ses20201206 — nucleiVols.txt not found
2026-02-26 09:25:50.983 | INFO     | __main__:<module>:18 - Done.
