2025-11-20 16:52:05.416 | INFO     | __main__:<module>:30 - Starting subject 1001
2025-11-20 16:52:05.416 | INFO     | __main__:<module>:38 - bash /home/srs-9/Projects/ms_mri/scripts/lst-ai/lst_ai.sh /media/smbshare/3Tpioneer_bids/sub-ms1001/ses-20170215
2025-11-20 16:54:12.938 | DEBUG    | __main__:<module>:46 - b"RUN: producing /media/smbshare/3Tpioneer_bids/sub-ms1001/ses-20170215/lst-ai/space-flair_seg-lst.nii.gz\n2025-11-20 16:52:05.917211: E external/local_xla/xla/stream_executor/cuda/cuda_dnn.cc:9261] Unable to register cuDNN factory: Attempting to register factory for plugin cuDNN when one has already been registered\n2025-11-20 16:52:05.917242: E external/local_xla/xla/stream_executor/cuda/cuda_fft.cc:607] Unable to register cuFFT factory: Attempting to register factory for plugin cuFFT when one has already been registered\n2025-11-20 16:52:05.918422: E external/local_xla/xla/stream_executor/cuda/cuda_blas.cc:1515] Unable to register cuBLAS factory: Attempting to register factory for plugin cuBLAS when one has already been registered\nLimiting the number of threads to 24\n*************************************************\n  N=7   NUMBER OF CORRECTIONS=5       INITIAL VALUES F= -10427.1   GNORM= 12.1483\n*************************************************\n   I   NFN    FUNC        GNORM       STEPLENGTH\n   1    4    -10706.146      10.370       1.729\n   2    6    -10729.236       7.275       0.198\n   3    7    -10752.634       4.397       1.000\n   4    9    -10759.331       3.737       0.513\n   5   10    -10764.646       6.396       1.000\n   6   12    -10771.564       6.104       0.525\n   7   13    -10776.524       2.659       1.000\n   8   14    -10778.137       1.223       1.000\n   9   15    -10778.274       0.589       1.000\n  10   17    -10778.383       0.648       0.428\n  11   19    -10778.413       0.748       0.070\n  12   20    -10778.465       0.341       1.000\n  13   23    -10778.496       0.423       1.841\n  14   25    -10778.502       0.340       0.160\n  15   26    -10778.504       0.289       1.000\n  16   27    -10778.510       0.170       1.000\n  17   29    -10778.510       0.123       0.177\n  18   30    -10778.511       0.117       1.000\n  19   32    -10778.511       0.015       0.422\n  20   33    -10778.511       0.038       1.000\n  21   36    -10778.511       0.048       0.004\n  22   38    -10778.511       0.037       0.108\n  23   39    -10778.511       0.047       1.000\n  24   41    -10778.511       0.029       0.327\n  25   44    -10778.511       0.040       0.040\n  26   45    -10778.511       0.035       1.000\n  27   46    -10778.511       0.052       1.000\n  28   47    -10778.511       0.038       1.000\n  29   49    -10778.511       0.031       0.201\n  30   52    -10778.511       0.023       0.726\n  31   53    -10778.511       0.025       1.000\n  32   55    -10778.511       0.024       0.270\n  33   56    -10778.511       0.018       1.000\n  34   57    -10778.511       0.029       1.000\n  35   58    -10778.511       0.019       1.000\n  36   60    -10778.511       0.022       0.220\n  37   61    -10778.511       0.024       1.000\n  38   64    -10778.511       0.023       2.217\n  39   65    -10778.511       0.018       1.000\n  40   67    -10778.511       0.012       0.135\n  41   69    -10778.511       0.005       0.451\n  42   72    -10778.511       0.006       1.758\n  43   74    -10778.511       0.006       0.019\n  44   75    -10778.511       0.007       1.000\n  45   76    -10778.511       0.005       1.000\n  46   77    -10778.511       0.005       1.000\n  47   79    -10778.511       0.009       0.240\n  48   81    -10778.511       0.006       0.343\n  49   83    -10778.511       0.005       0.526\n  50   86    -10778.511       0.004       0.015\n  51   87    -10778.511       0.005       1.000\n  52   89    -10778.511       0.011       0.205\n  53   92    -10778.511       0.012       0.622\n  54   93    -10778.511       0.005       1.000\n  55   96    -10778.511       0.006       0.055\n  56   97    -10778.511       0.004       1.000\n  57   99    -10778.511       0.004       0.303\nEND OF LEVEL   0\nLevel   0  LastIter   Metrics  -10778.511113  Energy = -10778.511113\nLevel   0  Final RAS Transform:\n  0.9952   0.0929   0.0295   2.0298\n -0.0836   0.9695  -0.2302   6.2107\n -0.0499   0.2267   0.9727  -5.3299\n  0.0000   0.0000   0.0000   1.0000\n*************************************************\n  N=7   NUMBER OF CORRECTIONS=5       INITIAL VALUES F= -10711.2   GNORM= 4.3901\n*************************************************\n   I   NFN    FUNC        GNORM       STEPLENGTH\n   1    2    -10714.264       2.385       0.228\n   2    3    -10716.204       1.550       1.000\n   3    4    -10716.669       0.499       1.000\n   4    5    -10716.747       0.413       1.000\n   5    7    -10716.812       0.382       0.206\n   6    8    -10716.843       0.196       1.000\n   7    9    -10716.869       0.356       1.000\n   8   10    -10716.889       0.301       1.000\n   9   12    -10716.899       0.163       0.377\n  10   13    -10716.903       0.199       1.000\n  11   14    -10716.910       0.159       1.000\n  12   15    -10716.913       0.168       1.000\n  13   16    -10716.916       0.085       1.000\n  14   17    -10716.917       0.093       1.000\n  15   19    -10716.917       0.053       0.197\n  16   21    -10716.917       0.045       0.455\n  17   22    -10716.917       0.039       1.000\n  18   24    -10716.917       0.031       0.184\n  19   25    -10716.918       0.032       1.000\n  20   27    -10716.918       0.024       0.175\n  21   28    -10716.918       0.021       1.000\n  22   30    -10716.918       0.016       0.475\n  23   31    -10716.918       0.015       1.000\n  24   32    -10716.918       0.011       1.000\n  25   34    -10716.918       0.005       0.319\n  26   36    -10716.918       0.004       0.463\n  27   38    -10716.918       0.007       0.184\n  28   40    -10716.918       0.004       0.320\n  29   41    -10716.918       0.007       1.000\n  30   43    -10716.918       0.009       0.037\n  31   45    -10716.918       0.008       0.248\n  32   46    -10716.918       0.005       1.000\n  33   47    -10716.918       0.006       1.000\n  34   48    -10716.918       0.005       1.000\n  35   49    -10716.918       0.003       1.000\n  36   51    -10716.918       0.002       0.394\nEND OF LEVEL   1\nLevel   1  LastIter   Metrics  -10716.917637  Energy = -10716.917637\nLevel   1  Final RAS Transform:\n  0.9963   0.0834   0.0216   1.3579\n -0.0763   0.9707  -0.2277   7.3811\n -0.0400   0.2253   0.9735  -7.7637\n  0.0000   0.0000   0.0000   1.0000\n*************************************************\n  N=7   NUMBER OF CORRECTIONS=5       INITIAL VALUES F= -10665   GNORM= 2.10703\n*************************************************\n   I   NFN    FUNC        GNORM       STEPLENGTH\n   1    2    -10665.823       1.301       0.475\n   2    3    -10666.117       0.601       1.000\n   3    4    -10666.179       0.515       1.000\n   4    5    -10666.213       0.271       1.000\n   5    6    -10666.235       0.223       1.000\n   6    7    -10666.268       0.374       1.000\n   7    8    -10666.319       0.403       1.000\n   8   10    -10666.361       0.476       0.415\n   9   11    -10666.404       0.396       1.000\nEND OF LEVEL   2\nLevel   2  LastIter   Metrics  -10666.403526  Energy = -10666.403526\nLevel   2  Final RAS Transform:\n  0.9966   0.0807   0.0188   1.0684\n -0.0740   0.9687  -0.2369   7.8801\n -0.0374   0.2347   0.9713  -8.5741\n  0.0000   0.0000   0.0000   1.0000\nLimiting the number of threads to 24\nLimiting the number of threads to 24\n*************************************************\n  N=7   NUMBER OF CORRECTIONS=5       INITIAL VALUES F= -10690.3   GNORM= 21.2338\n*************************************************\n   I   NFN    FUNC        GNORM       STEPLENGTH\n   1    3    -10785.622      18.919       0.235\n   2    5    -11047.388      40.431       0.320\n   3    7    -11106.250      46.698       0.220\n   4    8    -11298.355      51.951       1.000\n   5   10    -11396.996      46.102       0.186\n   6   12    -11465.582      37.289       0.316\n   7   13    -11500.166      19.994       1.000\n   8   14    -11502.688      21.985       1.000\n   9   15    -11509.839       5.778       1.000\n  10   16    -11510.736       1.678       1.000\n  11   17    -11510.787       0.332       1.000\n  12   18    -11510.789       0.201       1.000\n  13   19    -11510.789       0.115       1.000\n  14   21    -11510.789       0.072       0.426\n  15   23    -11510.789       0.080       0.488\n  16   25    -11510.789       0.058       0.120\n  17   26    -11510.790       0.096       1.000\n  18   28    -11510.790       0.112       5.000\n  19   29    -11510.790       0.173       1.000\n  20   31    -11510.790       0.130       0.075\n  21   32    -11510.790       0.122       1.000\n  22   33    -11510.790       0.148       1.000\n  23   35    -11510.790       0.168       0.445\n  24   37    -11510.790       0.073       0.475\n  25   38    -11510.790       0.037       1.000\n  26   39    -11510.790       0.027       1.000\n  27   40    -11510.790       0.047       1.000\n  28   43    -11510.790       0.040       2.627\n  29   45    -11510.790       0.055       0.152\n  30   47    -11510.790       0.036       0.252\n  31   48    -11510.790       0.037       1.000\n  32   50    -11510.790       0.029       0.148\n  33   51    -11510.790       0.035       1.000\n  34   52    -11510.790       0.034       1.000\n  35   54    -11510.790       0.009       0.465\n IFLAG= -1  LINE SEARCH FAILED. SEE DOCUMENTATION OF ROUTINE MCSRCH ERROR RETURN OF LINE SEARCH: INFO= 3 POSSIBLE CAUSES: FUNCTION OR GRADIENT ARE INCORRECT OR INCORRECT TOLERANCESvnl_lbfgs: Error. Netlib routine lbfgs failed.\nEND OF LEVEL   0\nLevel   0  LastIter   Metrics  -11510.790087  Energy = -11510.790087\nLevel   0  Final RAS Transform:\n  0.9959   0.0888   0.0171   1.4104\n -0.0824   0.9694  -0.2312   7.3657\n -0.0371   0.2288   0.9728  -8.0306\n  0.0000   0.0000   0.0000   1.0000\n*************************************************\n  N=7   NUMBER OF CORRECTIONS=5       INITIAL VALUES F= -11545.6   GNORM= 17.833\n*************************************************\n   I   NFN    FUNC        GNORM       STEPLENGTH\n   1    3    -11550.087       3.519       0.026\n   2    4    -11550.376       2.561       1.000\n   3    5    -11550.574       3.231       1.000\n   4    7    -11550.662       0.634       0.512\n   5    8    -11550.678       0.219       1.000\n   6   10    -11550.678       0.147       0.272\n   7   11    -11550.678       0.067       1.000\n   8   12    -11550.678       0.043       1.000\n   9   13    -11550.678       0.044       1.000\n  10   14    -11550.679       0.024       1.000\n  11   16    -11550.679       0.026       0.146\n  12   17    -11550.679       0.012       1.000\n  13   18    -11550.679       0.006       1.000\n  14   19    -11550.679       0.005       1.000\n  15   20    -11550.679       0.004       1.000\n  16   25    -11550.679       0.003       0.385\n  17   26    -11550.679       0.004       1.000\n  18   28    -11550.679       0.002       0.473\n IFLAG= -1  LINE SEARCH FAILED. SEE DOCUMENTATION OF ROUTINE MCSRCH ERROR RETURN OF LINE SEARCH: INFO= 3 POSSIBLE CAUSES: FUNCTION OR GRADIENT ARE INCORRECT OR INCORRECT TOLERANCESvnl_lbfgs: Error. Netlib routine lbfgs failed.\nEND OF LEVEL   1\nLevel   1  LastIter   Metrics  -11550.678522  Energy = -11550.678522\nLevel   1  Final RAS Transform:\n  0.9962   0.0851   0.0174   1.2608\n -0.0787   0.9690  -0.2340   7.5030\n -0.0368   0.2317   0.9721  -8.4032\n  0.0000   0.0000   0.0000   1.0000\n*************************************************\n  N=7   NUMBER OF CORRECTIONS=5       INITIAL VALUES F= -11292.8   GNORM= 26.7072\n*************************************************\n   I   NFN    FUNC        GNORM       STEPLENGTH\n   1    3    -11297.178       2.497       0.011\n   2    4    -11297.239       1.890       1.000\n   3    5    -11297.339       2.425       1.000\n   4    6    -11297.451       2.101       1.000\n   5    8    -11297.468       2.009       0.290\n   6    9    -11297.494       0.393       1.000\n   7   10    -11297.495       0.155       1.000\n   8   11    -11297.495       0.125       1.000\nEND OF LEVEL   2\nLevel   2  LastIter   Metrics  -11297.495158  Energy = -11297.495158\nLevel   2  Final RAS Transform:\n  0.9963   0.0841   0.0166   1.2584\n -0.0779   0.9689  -0.2348   7.7086\n -0.0358   0.2326   0.9719  -8.6322\n  0.0000   0.0000   0.0000   1.0000\nLimiting the number of threads to 24\n/home/srs-9/.virtualenvs/lst-ai/bin/hd-bet:4: DeprecationWarning: pkg_resources is deprecated as an API. See https://setuptools.pypa.io/en/latest/pkg_resources.html\n  __import__('pkg_resources').require('HD-BET==1.0')\n\n########################\nIf you are using hd-bet, please cite the following paper:\nIsensee F, Schell M, Tursunova I, Brugnara G, Bonekamp D, Neuberger U, Wick A, Schlemmer HP, Heiland S, Wick W,Bendszus M, Maier-Hein KH, Kickingereder P. Automated brain extraction of multi-sequence MRI using artificialneural networks. arXiv preprint arXiv:1901.11341, 2019.\n########################\n\nFile: /media/smbshare/3Tpioneer_bids/sub-ms1001/ses-20170215/lst-ai/processing/sub-X_ses-Y_space-mni_T1w.nii.gz\npreprocessing...\nimage shape after preprocessing:  (129, 153, 129)\nprediction (CNN id)...\n0\n1\n2\n3\n4\nrunning postprocessing... \nexporting segmentation...\nLimiting the number of threads to 24\nLimiting the number of threads to 24\nLimiting the number of threads to 24\nLimiting the number of threads to 24\nLEVEL 1 of 3\n  Smoothing sigmas (mm): 6.822159x6.838614x6.822159 2.785135x2.791853x2.785135\nLevel 000  Iter 00000    Energy = 0.050063\nLevel 000  Iter 00001    Energy = 0.061231\nLevel 000  Iter 00002    Energy = 0.071058\nLevel 000  Iter 00003    Energy = 0.081039\nLevel 000  Iter 00004    Energy = 0.088851\nLevel 000  Iter 00005    Energy = 0.095307\nLevel 000  Iter 00006    Energy = 0.099862\nLevel 000  Iter 00007    Energy = 0.103167\nLevel 000  Iter 00008    Energy = 0.107051\nLevel 000  Iter 00009    Energy = 0.110754\nLevel 000  Iter 00010    Energy = 0.114222\nLevel 000  Iter 00011    Energy = 0.117395\nLevel 000  Iter 00012    Energy = 0.120601\nLevel 000  Iter 00013    Energy = 0.123263\nLevel 000  Iter 00014    Energy = 0.125999\nLevel 000  Iter 00015    Energy = 0.128036\nLevel 000  Iter 00016    Energy = 0.129861\nLevel 000  Iter 00017    Energy = 0.131986\nLevel 000  Iter 00018    Energy = 0.133467\nLevel 000  Iter 00019    Energy = 0.136066\nLevel 000  Iter 00020    Energy = 0.137907\nLevel 000  Iter 00021    Energy = 0.139169\nLevel 000  Iter 00022    Energy = 0.139711\nLevel 000  Iter 00023    Energy = 0.140124\nLevel 000  Iter 00024    Energy = 0.140522\nLevel 000  Iter 00025    Energy = 0.140855\nLevel 000  Iter 00026    Energy = 0.141301\nLevel 000  Iter 00027    Energy = 0.141903\nLevel 000  Iter 00028    Energy = 0.142716\nLevel 000  Iter 00029    Energy = 0.143650\nLevel 000  Iter 00030    Energy = 0.144719\nLevel 000  Iter 00031    Energy = 0.145714\nLevel 000  Iter 00032    Energy = 0.146682\nLevel 000  Iter 00033    Energy = 0.147640\nLevel 000  Iter 00034    Energy = 0.148694\nLevel 000  Iter 00035    Energy = 0.149734\nLevel 000  Iter 00036    Energy = 0.150905\nLevel 000  Iter 00037    Energy = 0.152145\nLevel 000  Iter 00038    Energy = 0.153127\nLevel 000  Iter 00039    Energy = 0.153987\nLevel 000  Iter 00040    Energy = 0.154622\nLevel 000  Iter 00041    Energy = 0.155416\nLevel 000  Iter 00042    Energy = 0.156075\nLevel 000  Iter 00043    Energy = 0.156515\nLevel 000  Iter 00044    Energy = 0.157051\nLevel 000  Iter 00045    Energy = 0.157704\nLevel 000  Iter 00046    Energy = 0.158327\nLevel 000  Iter 00047    Energy = 0.159078\nLevel 000  Iter 00048    Energy = 0.159965\nLevel 000  Iter 00049    Energy = 0.160911\nLevel 000  Iter 00050    Energy = 0.161519\nLevel 000  Iter 00051    Energy = 0.162021\nLevel 000  Iter 00052    Energy = 0.162562\nLevel 000  Iter 00053    Energy = 0.163238\nLevel 000  Iter 00054    Energy = 0.163804\nLevel 000  Iter 00055    Energy = 0.164244\nLevel 000  Iter 00056    Energy = 0.164862\nLevel 000  Iter 00057    Energy = 0.165614\nLevel 000  Iter 00058    Energy = 0.166295\nLevel 000  Iter 00059    Energy = 0.166922\nLevel 000  Iter 00060    Energy = 0.167325\nLevel 000  Iter 00061    Energy = 0.167908\nLevel 000  Iter 00062    Energy = 0.168450\nLevel 000  Iter 00063    Energy = 0.168664\nLevel 000  Iter 00064    Energy = 0.168998\nLevel 000  Iter 00065    Energy = 0.169735\nLevel 000  Iter 00066    Energy = 0.169450\nLevel 000  Iter 00067    Energy = 0.170059\nLevel 000  Iter 00068    Energy = 0.170841\nLevel 000  Iter 00069    Energy = 0.171482\nLevel 000  Iter 00070    Energy = 0.171973\nLevel 000  Iter 00071    Energy = 0.172398\nLevel 000  Iter 00072    Energy = 0.172730\nLevel 000  Iter 00073    Energy = 0.173044\nLevel 000  Iter 00074    Energy = 0.172940\nLevel 000  Iter 00075    Energy = 0.172989\nLevel 000  Iter 00076    Energy = 0.173030\nLevel 000  Iter 00077    Energy = 0.173122\nLevel 000  Iter 00078    Energy = 0.173216\nLevel 000  Iter 00079    Energy = 0.173361\nLevel 000  Iter 00080    Energy = 0.173422\nLevel 000  Iter 00081    Energy = 0.173542\nLevel 000  Iter 00082    Energy = 0.173691\nLevel 000  Iter 00083    Energy = 0.173827\nLevel 000  Iter 00084    Energy = 0.173963\nLevel 000  Iter 00085    Energy = 0.174060\nLevel 000  Iter 00086    Energy = 0.174156\nLevel 000  Iter 00087    Energy = 0.174346\nLevel 000  Iter 00088    Energy = 0.174442\nLevel 000  Iter 00089    Energy = 0.174614\nLevel 000  Iter 00090    Energy = 0.174740\nLevel 000  Iter 00091    Energy = 0.174991\nLevel 000  Iter 00092    Energy = 0.175218\nLevel 000  Iter 00093    Energy = 0.175482\nLevel 000  Iter 00094    Energy = 0.175815\nLevel 000  Iter 00095    Energy = 0.176221\nLevel 000  Iter 00096    Energy = 0.176527\nLevel 000  Iter 00097    Energy = 0.176854\nLevel 000  Iter 00098    Energy = 0.177130\nLevel 000  Iter 00099    Energy = 0.177414\nEND OF LEVEL   0    DetJac Range:   0.9792  to   1.0258 \nLevel 000  LastIter    Energy = 0.177414\n  Avg. Gradient Time        : 0.0190s  31.22% \n  Avg. Gaussian Time        : 0.0158s  25.95% \n  Avg. Integration Time     : 0.0250s  41.20% \n  Avg. Total Iteration Time : 0.0608s \nLEVEL 2 of 3\n  Smoothing sigmas (mm): 3.446245x3.449040x3.446245 1.406924x1.408065x1.406924\nLevel 001  Iter 00000    Energy = 0.101873\nLevel 001  Iter 00001    Energy = 0.105995\nLevel 001  Iter 00002    Energy = 0.109501\nLevel 001  Iter 00003    Energy = 0.112307\nLevel 001  Iter 00004    Energy = 0.114505\nLevel 001  Iter 00005    Energy = 0.116279\nLevel 001  Iter 00006    Energy = 0.117721\nLevel 001  Iter 00007    Energy = 0.118950\nLevel 001  Iter 00008    Energy = 0.119970\nLevel 001  Iter 00009    Energy = 0.120840\nLevel 001  Iter 00010    Energy = 0.121604\nLevel 001  Iter 00011    Energy = 0.122299\nLevel 001  Iter 00012    Energy = 0.122940\nLevel 001  Iter 00013    Energy = 0.123545\nLevel 001  Iter 00014    Energy = 0.124144\nLevel 001  Iter 00015    Energy = 0.124702\nLevel 001  Iter 00016    Energy = 0.125216\nLevel 001  Iter 00017    Energy = 0.125668\nLevel 001  Iter 00018    Energy = 0.126067\nLevel 001  Iter 00019    Energy = 0.126417\nLevel 001  Iter 00020    Energy = 0.126729\nLevel 001  Iter 00021    Energy = 0.127007\nLevel 001  Iter 00022    Energy = 0.127242\nLevel 001  Iter 00023    Energy = 0.127449\nLevel 001  Iter 00024    Energy = 0.127634\nLevel 001  Iter 00025    Energy = 0.127799\nLevel 001  Iter 00026    Energy = 0.127944\nLevel 001  Iter 00027    Energy = 0.128079\nLevel 001  Iter 00028    Energy = 0.128204\nLevel 001  Iter 00029    Energy = 0.128323\nLevel 001  Iter 00030    Energy = 0.128433\nLevel 001  Iter 00031    Energy = 0.128537\nLevel 001  Iter 00032    Energy = 0.128634\nLevel 001  Iter 00033    Energy = 0.128730\nLevel 001  Iter 00034    Energy = 0.128817\nLevel 001  Iter 00035    Energy = 0.128899\nLevel 001  Iter 00036    Energy = 0.128979\nLevel 001  Iter 00037    Energy = 0.129059\nLevel 001  Iter 00038    Energy = 0.129136\nLevel 001  Iter 00039    Energy = 0.129204\nLevel 001  Iter 00040    Energy = 0.129274\nLevel 001  Iter 00041    Energy = 0.129342\nLevel 001  Iter 00042    Energy = 0.129421\nLevel 001  Iter 00043    Energy = 0.129497\nLevel 001  Iter 00044    Energy = 0.129557\nLevel 001  Iter 00045    Energy = 0.129616\nLevel 001  Iter 00046    Energy = 0.129677\nLevel 001  Iter 00047    Energy = 0.129734\nLevel 001  Iter 00048    Energy = 0.129773\nLevel 001  Iter 00049    Energy = 0.129809\nEND OF LEVEL   1    DetJac Range:   0.9772  to   1.0496 \nLevel 001  LastIter    Energy = 0.129809\n  Avg. Gradient Time        : 0.8730s  59.99% \n  Avg. Gaussian Time        : 0.1863s  12.80% \n  Avg. Integration Time     : 0.3698s  25.41% \n  Avg. Total Iteration Time : 1.4554s \nLEVEL 3 of 3\n  Smoothing sigmas (mm): 1.732051x1.732051x1.732051 0.707107x0.707107x0.707107\nLevel 002  Iter 00000    Energy = 0.066652\nLevel 002  Iter 00001    Energy = 0.067406\nLevel 002  Iter 00002    Energy = 0.068106\nLevel 002  Iter 00003    Energy = 0.068769\nLevel 002  Iter 00004    Energy = 0.069324\nLevel 002  Iter 00005    Energy = 0.069774\nLevel 002  Iter 00006    Energy = 0.070151\nLevel 002  Iter 00007    Energy = 0.070471\nLevel 002  Iter 00008    Energy = 0.070762\nLevel 002  Iter 00009    Energy = 0.070995\nEND OF LEVEL   2    DetJac Range:   0.9764  to   1.0451 \nLevel 002  LastIter    Energy = 0.070995\n  Avg. Gradient Time        : 8.7108s  55.11% \n  Avg. Gaussian Time        : 1.9150s  12.12% \n  Avg. Integration Time     : 4.8093s  30.43% \n  Avg. Total Iteration Time : 15.8049s \nLimiting the number of threads to 24\nLimiting the number of threads to 24\n###########################\n\nThank you for using LST-AI. If you publish your results, please cite our paper:\nWiltgen T, McGinnis J, Schlaeger S, Kofler F, Voon C, Berthele A, Bischl D, Grundl L, Will N, Metz M, Schinz D, Sepp D, Prucker P, Schmitz-Koep B, Zimmer C, Menze B, Rueckert D, Hemmer B, Kirschke J, M\xc3\xbchlau M, Wiestler B. LST-AI: A Deep Learning Ensemble for Accurate MS Lesion Segmentation. NeuroImage: Clinical, Volume 42, 2024. https://doi.org/10.1016/j.nicl.2024.103611.\n###########################\n\nLooking for model weights in /home/srs-9/git-repos/LST-AI/LST_AI.\nImages need to be skull-stripped. Processing with HD-BET.\nRunning LST Segmentation.\nRunning segmentation on /GPU:0.\nRunning model 0. \nRunning model 1. \nRunning model 2. \nThresholding lesions at [mm3]:1.0\nResults in /media/smbshare/3Tpioneer_bids/sub-ms1001/ses-20170215/lst-ai/processing\nDone.\nOK: produced /media/smbshare/3Tpioneer_bids/sub-ms1001/ses-20170215/lst-ai/space-flair_seg-lst.nii.gz\n"
2025-11-20 16:54:12.938 | INFO     | __main__:<module>:30 - Starting subject 1002
2025-11-20 16:54:12.938 | INFO     | __main__:<module>:38 - bash /home/srs-9/Projects/ms_mri/scripts/lst-ai/lst_ai.sh /media/smbshare/3Tpioneer_bids/sub-ms1002/ses-20200521
2025-11-20 17:11:44.823 | INFO     | __main__:<module>:40 - Starting subject 1002
2025-11-20 17:11:44.824 | INFO     | __main__:<module>:48 - bash /home/srs-9/Projects/ms_mri/scripts/lst-ai/lst_ai.sh /media/smbshare/3Tpioneer_bids/sub-ms1002/ses-20200521
2025-11-20 20:16:12.181 | INFO     | __main__:<module>:41 - Starting subject 2048
2025-11-20 20:16:12.181 | INFO     | __main__:<module>:49 - bash /home/srs-9/Projects/ms_mri/scripts/lst-ai/lst_ai.sh /mnt/h/3Tpioneer_bids/sub-ms2048/ses-20160923
2025-11-20 20:16:12.262 | ERROR    | __main__:<module>:53 - Command failed with exit code 1
2025-11-20 20:18:18.108 | INFO     | __main__:<module>:41 - Starting subject 2048
2025-11-20 20:18:18.109 | INFO     | __main__:<module>:49 - bash /home/srs-9/Projects/ms_mri/scripts/lst-ai/lst_ai.sh /mnt/h/3Tpioneer_bids/sub-ms2048/ses-20160923
2025-11-20 20:24:25.551 | INFO     | __main__:<module>:41 - Starting subject 2049
2025-11-20 20:24:25.552 | INFO     | __main__:<module>:49 - bash /home/srs-9/Projects/ms_mri/scripts/lst-ai/lst_ai.sh /mnt/h/3Tpioneer_bids/sub-ms2049/ses-20171124
2025-11-20 20:30:11.577 | INFO     | __main__:<module>:41 - Starting subject 2050
2025-11-20 20:30:11.578 | INFO     | __main__:<module>:49 - bash /home/srs-9/Projects/ms_mri/scripts/lst-ai/lst_ai.sh /mnt/h/3Tpioneer_bids/sub-ms2050/ses-20180610
2025-11-20 20:36:26.136 | INFO     | __main__:<module>:41 - Starting subject 2051
2025-11-20 20:36:26.136 | INFO     | __main__:<module>:49 - bash /home/srs-9/Projects/ms_mri/scripts/lst-ai/lst_ai.sh /mnt/h/3Tpioneer_bids/sub-ms2051/ses-20210527
2025-11-20 20:42:40.630 | INFO     | __main__:<module>:41 - Starting subject 2054
2025-11-20 20:42:40.631 | INFO     | __main__:<module>:49 - bash /home/srs-9/Projects/ms_mri/scripts/lst-ai/lst_ai.sh /mnt/h/3Tpioneer_bids/sub-ms2054/ses-20160917
2025-11-20 20:48:39.138 | INFO     | __main__:<module>:41 - Starting subject 2065
2025-11-20 20:48:39.138 | INFO     | __main__:<module>:49 - bash /home/srs-9/Projects/ms_mri/scripts/lst-ai/lst_ai.sh /mnt/h/3Tpioneer_bids/sub-ms2065/ses-20170817
2025-11-20 20:54:45.647 | INFO     | __main__:<module>:41 - Starting subject 2066
2025-11-20 20:54:45.647 | INFO     | __main__:<module>:49 - bash /home/srs-9/Projects/ms_mri/scripts/lst-ai/lst_ai.sh /mnt/h/3Tpioneer_bids/sub-ms2066/ses-20190510
2025-11-20 21:01:01.983 | INFO     | __main__:<module>:41 - Starting subject 2067
2025-11-20 21:01:01.984 | INFO     | __main__:<module>:49 - bash /home/srs-9/Projects/ms_mri/scripts/lst-ai/lst_ai.sh /mnt/h/3Tpioneer_bids/sub-ms2067/ses-20160920
2025-11-20 21:07:00.244 | INFO     | __main__:<module>:41 - Starting subject 2073
2025-11-20 21:07:00.244 | INFO     | __main__:<module>:49 - bash /home/srs-9/Projects/ms_mri/scripts/lst-ai/lst_ai.sh /mnt/h/3Tpioneer_bids/sub-ms2073/ses-20170904
2025-11-20 21:13:05.286 | INFO     | __main__:<module>:41 - Starting subject 2075
2025-11-20 21:13:05.286 | INFO     | __main__:<module>:49 - bash /home/srs-9/Projects/ms_mri/scripts/lst-ai/lst_ai.sh /mnt/h/3Tpioneer_bids/sub-ms2075/ses-20170116
2025-11-20 21:19:00.951 | INFO     | __main__:<module>:41 - Starting subject 2077
2025-11-20 21:19:00.951 | INFO     | __main__:<module>:49 - bash /home/srs-9/Projects/ms_mri/scripts/lst-ai/lst_ai.sh /mnt/h/3Tpioneer_bids/sub-ms2077/ses-20201209
2025-11-20 21:37:56.501 | INFO     | __main__:<module>:41 - Starting subject 2079
2025-11-20 21:37:56.502 | INFO     | __main__:<module>:49 - bash /home/srs-9/Projects/ms_mri/scripts/lst-ai/lst_ai.sh /mnt/h/3Tpioneer_bids/sub-ms2079/ses-20190615
2025-11-20 21:42:39.396 | INFO     | __main__:<module>:41 - Starting subject 2079
2025-11-20 21:42:39.396 | INFO     | __main__:<module>:49 - bash /home/srs-9/Projects/ms_mri/scripts/lst-ai/lst_ai.sh /mnt/h/3Tpioneer_bids/sub-ms2079/ses-20190615
2025-11-20 21:48:23.689 | INFO     | __main__:<module>:41 - Starting subject 2082
2025-11-20 21:48:23.690 | INFO     | __main__:<module>:49 - bash /home/srs-9/Projects/ms_mri/scripts/lst-ai/lst_ai.sh /mnt/h/3Tpioneer_bids/sub-ms2082/ses-20170506
2025-11-20 21:54:24.698 | INFO     | __main__:<module>:41 - Starting subject 2088
2025-11-20 21:54:24.699 | INFO     | __main__:<module>:49 - bash /home/srs-9/Projects/ms_mri/scripts/lst-ai/lst_ai.sh /mnt/h/3Tpioneer_bids/sub-ms2088/ses-20170407
2025-11-20 22:00:20.824 | INFO     | __main__:<module>:41 - Starting subject 2089
2025-11-20 22:00:20.825 | INFO     | __main__:<module>:49 - bash /home/srs-9/Projects/ms_mri/scripts/lst-ai/lst_ai.sh /mnt/h/3Tpioneer_bids/sub-ms2089/ses-20191220
2025-11-20 22:06:12.077 | INFO     | __main__:<module>:41 - Starting subject 2091
2025-11-20 22:06:12.078 | INFO     | __main__:<module>:49 - bash /home/srs-9/Projects/ms_mri/scripts/lst-ai/lst_ai.sh /mnt/h/3Tpioneer_bids/sub-ms2091/ses-20171128
2025-11-20 22:11:57.666 | INFO     | __main__:<module>:41 - Starting subject 2094
2025-11-20 22:11:57.668 | INFO     | __main__:<module>:49 - bash /home/srs-9/Projects/ms_mri/scripts/lst-ai/lst_ai.sh /mnt/h/3Tpioneer_bids/sub-ms2094/ses-20170722
2025-11-20 22:18:10.960 | INFO     | __main__:<module>:41 - Starting subject 2100
2025-11-20 22:18:10.961 | INFO     | __main__:<module>:49 - bash /home/srs-9/Projects/ms_mri/scripts/lst-ai/lst_ai.sh /mnt/h/3Tpioneer_bids/sub-ms2100/ses-20180529
2025-11-20 22:23:57.730 | INFO     | __main__:<module>:41 - Starting subject 2105
2025-11-20 22:23:57.731 | INFO     | __main__:<module>:49 - bash /home/srs-9/Projects/ms_mri/scripts/lst-ai/lst_ai.sh /mnt/h/3Tpioneer_bids/sub-ms2105/ses-20161008
2025-11-20 22:29:55.978 | INFO     | __main__:<module>:41 - Starting subject 2106
2025-11-20 22:29:55.979 | INFO     | __main__:<module>:49 - bash /home/srs-9/Projects/ms_mri/scripts/lst-ai/lst_ai.sh /mnt/h/3Tpioneer_bids/sub-ms2106/ses-20170205
2025-11-20 22:29:57.566 | ERROR    | __main__:<module>:53 - Command failed with exit code 1
2025-11-20 22:29:57.566 | ERROR    | __main__:<module>:54 - None
2025-11-20 22:29:57.566 | DEBUG    | __main__:<module>:55 - None
2025-11-20 22:29:57.566 | INFO     | __main__:<module>:41 - Starting subject 2112
2025-11-20 22:29:57.567 | INFO     | __main__:<module>:49 - bash /home/srs-9/Projects/ms_mri/scripts/lst-ai/lst_ai.sh /mnt/h/3Tpioneer_bids/sub-ms2112/ses-20170601
2025-11-20 22:35:48.580 | INFO     | __main__:<module>:41 - Starting subject 2117
2025-11-20 22:35:48.581 | INFO     | __main__:<module>:49 - bash /home/srs-9/Projects/ms_mri/scripts/lst-ai/lst_ai.sh /mnt/h/3Tpioneer_bids/sub-ms2117/ses-20170202
2025-11-20 22:41:47.424 | INFO     | __main__:<module>:41 - Starting subject 2118
2025-11-20 22:41:47.425 | INFO     | __main__:<module>:49 - bash /home/srs-9/Projects/ms_mri/scripts/lst-ai/lst_ai.sh /mnt/h/3Tpioneer_bids/sub-ms2118/ses-20170423
2025-11-20 23:17:38.645 | INFO     | __main__:<module>:41 - Starting subject 2118
2025-11-20 23:17:38.646 | INFO     | __main__:<module>:49 - bash /home/srs-9/Projects/ms_mri/scripts/lst-ai/lst_ai.sh /mnt/h/3Tpioneer_bids/sub-ms2118/ses-20170423
2025-11-20 23:24:58.631 | INFO     | __main__:<module>:41 - Starting subject 2118
2025-11-20 23:24:58.631 | INFO     | __main__:<module>:49 - bash /home/srs-9/Projects/ms_mri/scripts/lst-ai/lst_ai.sh /mnt/h/3Tpioneer_bids/sub-ms2118/ses-20170423
2025-11-20 23:24:58.639 | DEBUG    | __main__:<module>:57 - SKIP: /mnt/h/3Tpioneer_bids/sub-ms2118/ses-20170423/lst-ai/space-flair_seg-lst.nii.gz exists

2025-11-20 23:24:58.639 | INFO     | __main__:<module>:41 - Starting subject 2119
2025-11-20 23:24:58.639 | INFO     | __main__:<module>:49 - bash /home/srs-9/Projects/ms_mri/scripts/lst-ai/lst_ai.sh /mnt/h/3Tpioneer_bids/sub-ms2119/ses-20180903
2025-11-20 23:26:45.919 | INFO     | __main__:<module>:41 - Starting subject 2119
2025-11-20 23:26:45.919 | INFO     | __main__:<module>:49 - bash /home/srs-9/Projects/ms_mri/scripts/lst-ai/lst_ai.sh /mnt/h/3Tpioneer_bids/sub-ms2119/ses-20180903
2025-11-20 23:32:40.252 | DEBUG    | __main__:<module>:57 - RUN: producing /mnt/h/3Tpioneer_bids/sub-ms2119/ses-20180903/lst-ai/space-flair_seg-lst.nii.gz
OK: produced /mnt/h/3Tpioneer_bids/sub-ms2119/ses-20180903/lst-ai/space-flair_seg-lst.nii.gz

2025-11-20 23:32:40.252 | INFO     | __main__:<module>:41 - Starting subject 2120
2025-11-20 23:32:40.253 | INFO     | __main__:<module>:49 - bash /home/srs-9/Projects/ms_mri/scripts/lst-ai/lst_ai.sh /mnt/h/3Tpioneer_bids/sub-ms2120/ses-20170920
2025-11-20 23:33:22.818 | DEBUG    | __main__:<module>:57 - RUN: producing /mnt/h/3Tpioneer_bids/sub-ms2120/ses-20170920/lst-ai/space-flair_seg-lst.nii.gz
ERROR: command block failed

2025-11-20 23:33:22.819 | INFO     | __main__:<module>:41 - Starting subject 2124
2025-11-20 23:33:22.819 | INFO     | __main__:<module>:49 - bash /home/srs-9/Projects/ms_mri/scripts/lst-ai/lst_ai.sh /mnt/h/3Tpioneer_bids/sub-ms2124/ses-20190625
2025-11-20 23:39:16.233 | DEBUG    | __main__:<module>:57 - RUN: producing /mnt/h/3Tpioneer_bids/sub-ms2124/ses-20190625/lst-ai/space-flair_seg-lst.nii.gz
OK: produced /mnt/h/3Tpioneer_bids/sub-ms2124/ses-20190625/lst-ai/space-flair_seg-lst.nii.gz

2025-11-20 23:39:16.233 | INFO     | __main__:<module>:41 - Starting subject 2133
2025-11-20 23:39:16.234 | INFO     | __main__:<module>:49 - bash /home/srs-9/Projects/ms_mri/scripts/lst-ai/lst_ai.sh /mnt/h/3Tpioneer_bids/sub-ms2133/ses-20190302
2025-11-20 23:45:01.556 | DEBUG    | __main__:<module>:57 - RUN: producing /mnt/h/3Tpioneer_bids/sub-ms2133/ses-20190302/lst-ai/space-flair_seg-lst.nii.gz
OK: produced /mnt/h/3Tpioneer_bids/sub-ms2133/ses-20190302/lst-ai/space-flair_seg-lst.nii.gz

2025-11-20 23:45:01.557 | INFO     | __main__:<module>:41 - Starting subject 2136
2025-11-20 23:45:01.557 | INFO     | __main__:<module>:49 - bash /home/srs-9/Projects/ms_mri/scripts/lst-ai/lst_ai.sh /mnt/h/3Tpioneer_bids/sub-ms2136/ses-20191219
2025-11-20 23:50:50.822 | DEBUG    | __main__:<module>:57 - RUN: producing /mnt/h/3Tpioneer_bids/sub-ms2136/ses-20191219/lst-ai/space-flair_seg-lst.nii.gz
OK: produced /mnt/h/3Tpioneer_bids/sub-ms2136/ses-20191219/lst-ai/space-flair_seg-lst.nii.gz

2025-11-20 23:50:50.823 | INFO     | __main__:<module>:41 - Starting subject 2137
2025-11-20 23:50:50.823 | INFO     | __main__:<module>:49 - bash /home/srs-9/Projects/ms_mri/scripts/lst-ai/lst_ai.sh /mnt/h/3Tpioneer_bids/sub-ms2137/ses-20220316
2025-11-20 23:56:54.269 | DEBUG    | __main__:<module>:57 - RUN: producing /mnt/h/3Tpioneer_bids/sub-ms2137/ses-20220316/lst-ai/space-flair_seg-lst.nii.gz
OK: produced /mnt/h/3Tpioneer_bids/sub-ms2137/ses-20220316/lst-ai/space-flair_seg-lst.nii.gz

2025-11-20 23:56:54.270 | INFO     | __main__:<module>:41 - Starting subject 2140
2025-11-20 23:56:54.270 | INFO     | __main__:<module>:49 - bash /home/srs-9/Projects/ms_mri/scripts/lst-ai/lst_ai.sh /mnt/h/3Tpioneer_bids/sub-ms2140/ses-20191211
2025-11-21 00:07:18.843 | INFO     | __main__:<module>:41 - Starting subject 2140
2025-11-21 00:07:18.844 | INFO     | __main__:<module>:49 - bash /home/srs-9/Projects/ms_mri/scripts/lst-ai/lst_ai.sh /mnt/h/3Tpioneer_bids/sub-ms2140/ses-20191211
2025-11-21 00:13:11.610 | DEBUG    | __main__:<module>:57 - RUN: producing /mnt/h/3Tpioneer_bids/sub-ms2140/ses-20191211/lst-ai/space-flair_seg-lst.nii.gz
OK: produced /mnt/h/3Tpioneer_bids/sub-ms2140/ses-20191211/lst-ai/space-flair_seg-lst.nii.gz

2025-11-21 00:13:11.610 | INFO     | __main__:<module>:41 - Starting subject 2145
2025-11-21 00:13:11.611 | INFO     | __main__:<module>:49 - bash /home/srs-9/Projects/ms_mri/scripts/lst-ai/lst_ai.sh /mnt/h/3Tpioneer_bids/sub-ms2145/ses-20190531
2025-11-21 00:19:45.851 | DEBUG    | __main__:<module>:57 - RUN: producing /mnt/h/3Tpioneer_bids/sub-ms2145/ses-20190531/lst-ai/space-flair_seg-lst.nii.gz
OK: produced /mnt/h/3Tpioneer_bids/sub-ms2145/ses-20190531/lst-ai/space-flair_seg-lst.nii.gz

2025-11-21 00:19:45.851 | INFO     | __main__:<module>:41 - Starting subject 2147
2025-11-21 00:19:45.851 | INFO     | __main__:<module>:49 - bash /home/srs-9/Projects/ms_mri/scripts/lst-ai/lst_ai.sh /mnt/h/3Tpioneer_bids/sub-ms2147/ses-20190809
2025-11-21 00:25:43.893 | DEBUG    | __main__:<module>:57 - RUN: producing /mnt/h/3Tpioneer_bids/sub-ms2147/ses-20190809/lst-ai/space-flair_seg-lst.nii.gz
OK: produced /mnt/h/3Tpioneer_bids/sub-ms2147/ses-20190809/lst-ai/space-flair_seg-lst.nii.gz

2025-11-21 00:25:43.894 | INFO     | __main__:<module>:41 - Starting subject 2149
2025-11-21 00:25:43.894 | INFO     | __main__:<module>:49 - bash /home/srs-9/Projects/ms_mri/scripts/lst-ai/lst_ai.sh /mnt/h/3Tpioneer_bids/sub-ms2149/ses-20210205
2025-11-21 00:31:27.998 | DEBUG    | __main__:<module>:57 - RUN: producing /mnt/h/3Tpioneer_bids/sub-ms2149/ses-20210205/lst-ai/space-flair_seg-lst.nii.gz
OK: produced /mnt/h/3Tpioneer_bids/sub-ms2149/ses-20210205/lst-ai/space-flair_seg-lst.nii.gz

2025-11-21 00:31:27.998 | INFO     | __main__:<module>:41 - Starting subject 2152
2025-11-21 00:31:27.999 | INFO     | __main__:<module>:49 - bash /home/srs-9/Projects/ms_mri/scripts/lst-ai/lst_ai.sh /mnt/h/3Tpioneer_bids/sub-ms2152/ses-20161202
2025-11-21 00:37:41.430 | DEBUG    | __main__:<module>:57 - RUN: producing /mnt/h/3Tpioneer_bids/sub-ms2152/ses-20161202/lst-ai/space-flair_seg-lst.nii.gz
OK: produced /mnt/h/3Tpioneer_bids/sub-ms2152/ses-20161202/lst-ai/space-flair_seg-lst.nii.gz

2025-11-21 00:37:41.430 | INFO     | __main__:<module>:41 - Starting subject 2153
2025-11-21 00:37:41.431 | INFO     | __main__:<module>:49 - bash /home/srs-9/Projects/ms_mri/scripts/lst-ai/lst_ai.sh /mnt/h/3Tpioneer_bids/sub-ms2153/ses-20200316
2025-11-21 10:45:42.169 | INFO     | __main__:<module>:41 - Starting subject 2140
2025-11-21 10:45:42.170 | INFO     | __main__:<module>:49 - bash /home/srs-9/Projects/ms_mri/scripts/lst-ai/lst_ai.sh /mnt/h/3Tpioneer_bids/sub-ms2140/ses-20191211
2025-11-21 10:45:42.211 | DEBUG    | __main__:<module>:57 - SKIP: /mnt/h/3Tpioneer_bids/sub-ms2140/ses-20191211/lst-ai/space-flair_seg-lst.nii.gz exists

2025-11-21 10:45:42.211 | INFO     | __main__:<module>:41 - Starting subject 2145
2025-11-21 10:45:42.211 | INFO     | __main__:<module>:49 - bash /home/srs-9/Projects/ms_mri/scripts/lst-ai/lst_ai.sh /mnt/h/3Tpioneer_bids/sub-ms2145/ses-20190531
2025-11-21 10:45:42.228 | DEBUG    | __main__:<module>:57 - SKIP: /mnt/h/3Tpioneer_bids/sub-ms2145/ses-20190531/lst-ai/space-flair_seg-lst.nii.gz exists

2025-11-21 10:45:42.228 | INFO     | __main__:<module>:41 - Starting subject 2147
2025-11-21 10:45:42.228 | INFO     | __main__:<module>:49 - bash /home/srs-9/Projects/ms_mri/scripts/lst-ai/lst_ai.sh /mnt/h/3Tpioneer_bids/sub-ms2147/ses-20190809
2025-11-21 10:45:42.238 | DEBUG    | __main__:<module>:57 - SKIP: /mnt/h/3Tpioneer_bids/sub-ms2147/ses-20190809/lst-ai/space-flair_seg-lst.nii.gz exists

2025-11-21 10:45:42.238 | INFO     | __main__:<module>:41 - Starting subject 2149
2025-11-21 10:45:42.238 | INFO     | __main__:<module>:49 - bash /home/srs-9/Projects/ms_mri/scripts/lst-ai/lst_ai.sh /mnt/h/3Tpioneer_bids/sub-ms2149/ses-20210205
2025-11-21 10:45:42.263 | DEBUG    | __main__:<module>:57 - SKIP: /mnt/h/3Tpioneer_bids/sub-ms2149/ses-20210205/lst-ai/space-flair_seg-lst.nii.gz exists

2025-11-21 10:45:42.263 | INFO     | __main__:<module>:41 - Starting subject 2152
2025-11-21 10:45:42.264 | INFO     | __main__:<module>:49 - bash /home/srs-9/Projects/ms_mri/scripts/lst-ai/lst_ai.sh /mnt/h/3Tpioneer_bids/sub-ms2152/ses-20161202
2025-11-21 10:45:42.274 | DEBUG    | __main__:<module>:57 - SKIP: /mnt/h/3Tpioneer_bids/sub-ms2152/ses-20161202/lst-ai/space-flair_seg-lst.nii.gz exists

2025-11-21 10:45:42.275 | INFO     | __main__:<module>:41 - Starting subject 2153
2025-11-21 10:45:42.275 | INFO     | __main__:<module>:49 - bash /home/srs-9/Projects/ms_mri/scripts/lst-ai/lst_ai.sh /mnt/h/3Tpioneer_bids/sub-ms2153/ses-20200316
2025-11-21 13:13:43.768 | INFO     | __main__:<module>:43 - Starting subject 1229
2025-11-21 13:13:43.781 | INFO     | __main__:<module>:56 - bash /home/srs-9/Projects/ms_mri/scripts/lst-ai/lst_ai.sh /mnt/h/3Tpioneer_bids/sub-ms1229/ses-20180304
2025-11-21 13:20:52.613 | DEBUG    | __main__:<module>:64 - RUN: producing /mnt/h/3Tpioneer_bids/sub-ms1229/ses-20180304/lst-ai/space-flair_seg-lst.nii.gz
OK: produced /mnt/h/3Tpioneer_bids/sub-ms1229/ses-20180304/lst-ai/space-flair_seg-lst.nii.gz

2025-11-21 13:20:52.614 | INFO     | __main__:<module>:43 - Starting subject 1245
2025-11-21 13:30:59.830 | INFO     | __main__:<module>:44 - Starting subject 1245
2025-11-21 13:30:59.832 | WARNING  | __main__:<module>:55 - sub1245 does not have a FLAIR in any session, so must skip
2025-11-21 13:30:59.832 | INFO     | __main__:<module>:44 - Starting subject 1364
2025-11-21 13:31:00.204 | INFO     | __main__:<module>:68 - bash /home/srs-9/Projects/ms_mri/scripts/lst-ai/lst_ai.sh /mnt/h/3Tpioneer_bids/sub-ms1364/ses-20180618
2025-11-21 13:36:57.144 | DEBUG    | __main__:<module>:76 - RUN: producing /mnt/h/3Tpioneer_bids/sub-ms1364/ses-20180618/lst-ai/space-flair_seg-lst.nii.gz
OK: produced /mnt/h/3Tpioneer_bids/sub-ms1364/ses-20180618/lst-ai/space-flair_seg-lst.nii.gz

2025-11-21 13:36:57.146 | INFO     | __main__:<module>:44 - Starting subject 1379
2025-11-21 13:36:57.161 | WARNING  | __main__:<module>:55 - sub1379 does not have a FLAIR in any session, so must skip
2025-11-21 13:36:57.162 | INFO     | __main__:<module>:44 - Starting subject 1394
2025-11-21 13:36:57.174 | INFO     | __main__:<module>:68 - bash /home/srs-9/Projects/ms_mri/scripts/lst-ai/lst_ai.sh /mnt/h/3Tpioneer_bids/sub-ms1394/ses-20200708
2025-11-21 13:43:05.651 | DEBUG    | __main__:<module>:76 - RUN: producing /mnt/h/3Tpioneer_bids/sub-ms1394/ses-20200708/lst-ai/space-flair_seg-lst.nii.gz
OK: produced /mnt/h/3Tpioneer_bids/sub-ms1394/ses-20200708/lst-ai/space-flair_seg-lst.nii.gz

2025-11-21 13:43:05.652 | INFO     | __main__:<module>:44 - Starting subject 2001
2025-11-21 13:43:05.657 | INFO     | __main__:<module>:68 - bash /home/srs-9/Projects/ms_mri/scripts/lst-ai/lst_ai.sh /mnt/h/3Tpioneer_bids/sub-ms2001/ses-20200512
2025-11-21 13:49:00.407 | DEBUG    | __main__:<module>:76 - RUN: producing /mnt/h/3Tpioneer_bids/sub-ms2001/ses-20200512/lst-ai/space-flair_seg-lst.nii.gz
OK: produced /mnt/h/3Tpioneer_bids/sub-ms2001/ses-20200512/lst-ai/space-flair_seg-lst.nii.gz

2025-11-21 13:49:00.408 | INFO     | __main__:<module>:44 - Starting subject 2106
2025-11-21 13:49:00.411 | INFO     | __main__:<module>:68 - bash /home/srs-9/Projects/ms_mri/scripts/lst-ai/lst_ai.sh /mnt/h/3Tpioneer_bids/sub-ms2106/ses-20170813
2025-11-21 13:55:03.613 | DEBUG    | __main__:<module>:76 - RUN: producing /mnt/h/3Tpioneer_bids/sub-ms2106/ses-20170813/lst-ai/space-flair_seg-lst.nii.gz
OK: produced /mnt/h/3Tpioneer_bids/sub-ms2106/ses-20170813/lst-ai/space-flair_seg-lst.nii.gz

2025-11-21 14:09:38.072 | WARNING  | __main__:<module>:46 - sub1245 does not have a FLAIR in any session, so must skip
2025-11-21 14:09:38.349 | WARNING  | __main__:<module>:46 - sub1379 does not have a FLAIR in any session, so must skip
2025-11-21 14:12:23.969 | WARNING  | __main__:<module>:46 - sub1245 does not have a FLAIR in any session, so must skip
2025-11-21 14:12:24.211 | WARNING  | __main__:<module>:46 - sub1379 does not have a FLAIR in any session, so must skip
2025-11-21 14:16:17.513 | INFO     | __main__:<module>:45 - Starting subject 1196
2025-11-21 14:16:17.518 | INFO     | __main__:<module>:73 - bash /home/srs-9/Projects/ms_mri/scripts/lst-ai/lst_ai.sh /mnt/h/3Tpioneer_bids/sub-ms1196/ses-20170725
2025-11-21 14:24:04.848 | DEBUG    | __main__:<module>:81 - RUN: producing /mnt/h/3Tpioneer_bids/sub-ms1196/ses-20170725/lst-ai/space-flair_seg-lst.nii.gz
OK: produced /mnt/h/3Tpioneer_bids/sub-ms1196/ses-20170725/lst-ai/space-flair_seg-lst.nii.gz

2025-11-21 14:24:04.849 | INFO     | __main__:<module>:45 - Starting subject 2120
2025-11-21 14:24:04.851 | INFO     | __main__:<module>:73 - bash /home/srs-9/Projects/ms_mri/scripts/lst-ai/lst_ai.sh /mnt/h/3Tpioneer_bids/sub-ms2120/ses-20170920
2025-11-21 14:24:50.646 | DEBUG    | __main__:<module>:81 - RUN: producing /mnt/h/3Tpioneer_bids/sub-ms2120/ses-20170920/lst-ai/space-flair_seg-lst.nii.gz
ERROR: command block failed

2025-11-21 14:49:53.641 | WARNING  | __main__:<module>:52 - sub1027 does not have an lst-ai folder
2025-11-21 14:49:53.646 | WARNING  | __main__:<module>:52 - sub1028 does not have an lst-ai folder
2025-11-21 14:49:53.711 | WARNING  | __main__:<module>:52 - sub1029 does not have an lst-ai folder
2025-11-21 14:49:53.771 | WARNING  | __main__:<module>:52 - sub1064 does not have an lst-ai folder
2025-11-21 14:49:53.873 | WARNING  | __main__:<module>:52 - sub1105 does not have an lst-ai folder
2025-11-21 14:49:53.910 | WARNING  | __main__:<module>:52 - sub1145 does not have an lst-ai folder
2025-11-21 14:49:53.929 | WARNING  | __main__:<module>:52 - sub1163 does not have an lst-ai folder
2025-11-21 14:49:54.009 | WARNING  | __main__:<module>:52 - sub1191 does not have an lst-ai folder
2025-11-21 14:49:54.098 | WARNING  | __main__:<module>:52 - sub1200 does not have an lst-ai folder
2025-11-21 14:49:54.137 | WARNING  | __main__:<module>:52 - sub1203 does not have an lst-ai folder
2025-11-21 14:49:54.270 | WARNING  | __main__:<module>:52 - sub1224 does not have an lst-ai folder
2025-11-21 14:49:54.331 | WARNING  | __main__:<module>:52 - sub1245 does not have an lst-ai folder
2025-11-21 14:49:54.457 | WARNING  | __main__:<module>:52 - sub1264 does not have an lst-ai folder
2025-11-21 14:49:54.483 | WARNING  | __main__:<module>:52 - sub1270 does not have an lst-ai folder
2025-11-21 14:49:54.509 | WARNING  | __main__:<module>:52 - sub1280 does not have an lst-ai folder
2025-11-21 14:49:54.523 | WARNING  | __main__:<module>:52 - sub1283 does not have an lst-ai folder
2025-11-21 14:49:54.649 | WARNING  | __main__:<module>:52 - sub1285 does not have an lst-ai folder
2025-11-21 14:49:54.800 | WARNING  | __main__:<module>:52 - sub1287 does not have an lst-ai folder
2025-11-21 14:49:54.853 | WARNING  | __main__:<module>:52 - sub1302 does not have an lst-ai folder
2025-11-21 14:49:54.883 | WARNING  | __main__:<module>:52 - sub1317 does not have an lst-ai folder
2025-11-21 14:49:54.887 | WARNING  | __main__:<module>:52 - sub1321 does not have an lst-ai folder
2025-11-21 14:49:54.909 | WARNING  | __main__:<module>:52 - sub1323 does not have an lst-ai folder
2025-11-21 14:49:55.170 | WARNING  | __main__:<module>:52 - sub1344 does not have an lst-ai folder
2025-11-21 14:49:55.210 | WARNING  | __main__:<module>:52 - sub1355 does not have an lst-ai folder
2025-11-21 14:49:55.235 | WARNING  | __main__:<module>:52 - sub1379 does not have an lst-ai folder
2025-11-21 14:49:55.383 | WARNING  | __main__:<module>:52 - sub1383 does not have an lst-ai folder
2025-11-21 14:49:55.497 | WARNING  | __main__:<module>:52 - sub1384 does not have an lst-ai folder
2025-11-21 14:49:55.627 | WARNING  | __main__:<module>:52 - sub1391 does not have an lst-ai folder
2025-11-21 14:49:55.664 | WARNING  | __main__:<module>:52 - sub1406 does not have an lst-ai folder
2025-11-21 14:49:55.695 | WARNING  | __main__:<module>:52 - sub1421 does not have an lst-ai folder
2025-11-21 14:49:55.946 | WARNING  | __main__:<module>:52 - sub1423 does not have an lst-ai folder
2025-11-21 14:49:55.983 | WARNING  | __main__:<module>:52 - sub1425 does not have an lst-ai folder
2025-11-21 14:49:56.022 | WARNING  | __main__:<module>:52 - sub1433 does not have an lst-ai folder
2025-11-21 14:49:56.029 | WARNING  | __main__:<module>:52 - sub1437 does not have an lst-ai folder
2025-11-21 14:49:56.130 | WARNING  | __main__:<module>:52 - sub1463 does not have an lst-ai folder
2025-11-21 14:50:24.678 | WARNING  | __main__:<module>:52 - sub1245 does not have an lst-ai folder
2025-11-21 14:50:24.819 | WARNING  | __main__:<module>:52 - sub1379 does not have an lst-ai folder
2025-11-21 15:41:13.844 | WARNING  | __main__:<module>:48 - sub1245 does not have an lst-ai folder
2025-11-21 15:41:14.036 | WARNING  | __main__:<module>:48 - sub1379 does not have an lst-ai folder
2025-11-21 15:41:15.719 | WARNING  | __main__:<module>:48 - sub2120 does not have an lst-ai folder
2025-11-21 15:57:27.848 | WARNING  | __main__:<module>:48 - sub1245 does not have an lst-ai folder
2025-11-21 15:57:28.007 | WARNING  | __main__:<module>:48 - sub1379 does not have an lst-ai folder
2025-11-21 21:49:50.303 | WARNING  | __main__:<module>:43 - sub1245 does not have a FLAIR in any session, so must skip
2025-11-21 21:50:00.760 | WARNING  | __main__:<module>:43 - sub1379 does not have a FLAIR in any session, so must skip
2025-11-21 21:50:14.676 | WARNING  | __main__:<module>:43 - sub2085 does not have a FLAIR in any session, so must skip
2025-11-21 21:51:52.591 | INFO     | __main__:<module>:45 - Starting subject 1196
2025-11-21 21:51:52.593 | INFO     | __main__:<module>:73 - bash /home/srs-9/Projects/ms_mri/scripts/lst-ai/lst_ai.sh /mnt/h/3Tpioneer_bids/sub-ms1196/ses-20170725
2025-11-21 21:51:52.783 | DEBUG    | __main__:<module>:81 - SKIP: /mnt/h/3Tpioneer_bids/sub-ms1196/ses-20170725/lst-ai/space-flair_seg-lst.nii.gz exists

2025-11-21 21:51:52.784 | INFO     | __main__:<module>:45 - Starting subject 2120
2025-11-21 21:51:52.792 | INFO     | __main__:<module>:73 - bash /home/srs-9/Projects/ms_mri/scripts/lst-ai/lst_ai.sh /mnt/h/3Tpioneer_bids/sub-ms2120/ses-20170920
2025-11-21 21:52:27.510 | INFO     | __main__:<module>:45 - Starting subject 1027
2025-11-21 21:52:27.512 | INFO     | __main__:<module>:73 - bash /home/srs-9/Projects/ms_mri/scripts/lst-ai/lst_ai.sh /mnt/h/3Tpioneer_bids/sub-ms1027/ses-20170127
2025-11-21 21:52:31.407 | DEBUG    | __main__:<module>:81 - RUN: producing /mnt/h/3Tpioneer_bids/sub-ms1027/ses-20170127/lst-ai/space-flair_seg-lst.nii.gz
ERROR: command block failed

2025-11-21 21:52:31.407 | INFO     | __main__:<module>:45 - Starting subject 1028
2025-11-21 21:52:31.413 | INFO     | __main__:<module>:73 - bash /home/srs-9/Projects/ms_mri/scripts/lst-ai/lst_ai.sh /mnt/h/3Tpioneer_bids/sub-ms1028/ses-20190608
2025-11-21 21:52:34.160 | DEBUG    | __main__:<module>:81 - RUN: producing /mnt/h/3Tpioneer_bids/sub-ms1028/ses-20190608/lst-ai/space-flair_seg-lst.nii.gz
ERROR: command block failed

2025-11-21 21:52:34.161 | INFO     | __main__:<module>:45 - Starting subject 1029
2025-11-21 21:52:34.163 | INFO     | __main__:<module>:73 - bash /home/srs-9/Projects/ms_mri/scripts/lst-ai/lst_ai.sh /mnt/h/3Tpioneer_bids/sub-ms1029/ses-20170816
2025-11-21 21:52:37.061 | DEBUG    | __main__:<module>:81 - RUN: producing /mnt/h/3Tpioneer_bids/sub-ms1029/ses-20170816/lst-ai/space-flair_seg-lst.nii.gz
ERROR: command block failed

2025-11-21 21:52:37.061 | INFO     | __main__:<module>:45 - Starting subject 1064
2025-11-21 21:52:37.066 | INFO     | __main__:<module>:73 - bash /home/srs-9/Projects/ms_mri/scripts/lst-ai/lst_ai.sh /mnt/h/3Tpioneer_bids/sub-ms1064/ses-20170310
2025-11-21 21:52:40.277 | DEBUG    | __main__:<module>:81 - RUN: producing /mnt/h/3Tpioneer_bids/sub-ms1064/ses-20170310/lst-ai/space-flair_seg-lst.nii.gz
ERROR: command block failed

2025-11-21 21:52:40.277 | INFO     | __main__:<module>:45 - Starting subject 1105
2025-11-21 21:52:40.281 | INFO     | __main__:<module>:73 - bash /home/srs-9/Projects/ms_mri/scripts/lst-ai/lst_ai.sh /mnt/h/3Tpioneer_bids/sub-ms1105/ses-20171208
2025-11-21 21:52:43.115 | DEBUG    | __main__:<module>:81 - RUN: producing /mnt/h/3Tpioneer_bids/sub-ms1105/ses-20171208/lst-ai/space-flair_seg-lst.nii.gz
ERROR: command block failed

2025-11-21 21:52:43.115 | INFO     | __main__:<module>:45 - Starting subject 1145
2025-11-21 21:52:43.117 | INFO     | __main__:<module>:73 - bash /home/srs-9/Projects/ms_mri/scripts/lst-ai/lst_ai.sh /mnt/h/3Tpioneer_bids/sub-ms1145/ses-20191126
2025-11-21 21:52:45.826 | DEBUG    | __main__:<module>:81 - RUN: producing /mnt/h/3Tpioneer_bids/sub-ms1145/ses-20191126/lst-ai/space-flair_seg-lst.nii.gz
ERROR: command block failed

2025-11-21 21:52:45.826 | INFO     | __main__:<module>:45 - Starting subject 1163
2025-11-21 21:52:45.829 | INFO     | __main__:<module>:73 - bash /home/srs-9/Projects/ms_mri/scripts/lst-ai/lst_ai.sh /mnt/h/3Tpioneer_bids/sub-ms1163/ses-20180907
2025-11-21 21:52:48.899 | DEBUG    | __main__:<module>:81 - RUN: producing /mnt/h/3Tpioneer_bids/sub-ms1163/ses-20180907/lst-ai/space-flair_seg-lst.nii.gz
ERROR: command block failed

2025-11-21 21:52:48.900 | INFO     | __main__:<module>:45 - Starting subject 1191
2025-11-21 21:52:48.901 | INFO     | __main__:<module>:73 - bash /home/srs-9/Projects/ms_mri/scripts/lst-ai/lst_ai.sh /mnt/h/3Tpioneer_bids/sub-ms1191/ses-20190124
2025-11-21 21:52:51.656 | DEBUG    | __main__:<module>:81 - RUN: producing /mnt/h/3Tpioneer_bids/sub-ms1191/ses-20190124/lst-ai/space-flair_seg-lst.nii.gz
ERROR: command block failed

2025-11-21 21:52:51.657 | INFO     | __main__:<module>:45 - Starting subject 1196
2025-11-21 21:52:51.659 | INFO     | __main__:<module>:73 - bash /home/srs-9/Projects/ms_mri/scripts/lst-ai/lst_ai.sh /mnt/h/3Tpioneer_bids/sub-ms1196/ses-20170725
2025-11-21 21:52:51.670 | DEBUG    | __main__:<module>:81 - SKIP: /mnt/h/3Tpioneer_bids/sub-ms1196/ses-20170725/lst-ai/space-flair_seg-lst.nii.gz exists

2025-11-21 21:52:51.670 | INFO     | __main__:<module>:45 - Starting subject 1200
2025-11-21 21:52:51.672 | INFO     | __main__:<module>:73 - bash /home/srs-9/Projects/ms_mri/scripts/lst-ai/lst_ai.sh /mnt/h/3Tpioneer_bids/sub-ms1200/ses-20170128
2025-11-21 21:52:54.375 | DEBUG    | __main__:<module>:81 - RUN: producing /mnt/h/3Tpioneer_bids/sub-ms1200/ses-20170128/lst-ai/space-flair_seg-lst.nii.gz
ERROR: command block failed

2025-11-21 21:52:54.376 | INFO     | __main__:<module>:45 - Starting subject 1203
2025-11-21 21:52:54.377 | INFO     | __main__:<module>:73 - bash /home/srs-9/Projects/ms_mri/scripts/lst-ai/lst_ai.sh /mnt/h/3Tpioneer_bids/sub-ms1203/ses-20190814
2025-11-21 21:52:57.576 | DEBUG    | __main__:<module>:81 - RUN: producing /mnt/h/3Tpioneer_bids/sub-ms1203/ses-20190814/lst-ai/space-flair_seg-lst.nii.gz
ERROR: command block failed

2025-11-21 21:52:57.576 | INFO     | __main__:<module>:45 - Starting subject 1224
2025-11-21 21:52:57.579 | INFO     | __main__:<module>:73 - bash /home/srs-9/Projects/ms_mri/scripts/lst-ai/lst_ai.sh /mnt/h/3Tpioneer_bids/sub-ms1224/ses-20181007
2025-11-21 21:53:00.427 | DEBUG    | __main__:<module>:81 - RUN: producing /mnt/h/3Tpioneer_bids/sub-ms1224/ses-20181007/lst-ai/space-flair_seg-lst.nii.gz
ERROR: command block failed

2025-11-21 21:53:00.427 | INFO     | __main__:<module>:45 - Starting subject 1245
2025-11-21 21:53:00.430 | WARNING  | __main__:<module>:56 - sub1245 does not have a FLAIR in any session, so must skip
2025-11-21 21:53:00.431 | INFO     | __main__:<module>:45 - Starting subject 1264
2025-11-21 21:53:00.440 | INFO     | __main__:<module>:73 - bash /home/srs-9/Projects/ms_mri/scripts/lst-ai/lst_ai.sh /mnt/h/3Tpioneer_bids/sub-ms1264/ses-20170806
2025-11-21 21:53:03.682 | DEBUG    | __main__:<module>:81 - RUN: producing /mnt/h/3Tpioneer_bids/sub-ms1264/ses-20170806/lst-ai/space-flair_seg-lst.nii.gz
ERROR: command block failed

2025-11-21 21:53:03.682 | INFO     | __main__:<module>:45 - Starting subject 1270
2025-11-21 21:53:03.683 | INFO     | __main__:<module>:73 - bash /home/srs-9/Projects/ms_mri/scripts/lst-ai/lst_ai.sh /mnt/h/3Tpioneer_bids/sub-ms1270/ses-20200909
2025-11-21 21:53:06.951 | DEBUG    | __main__:<module>:81 - RUN: producing /mnt/h/3Tpioneer_bids/sub-ms1270/ses-20200909/lst-ai/space-flair_seg-lst.nii.gz
ERROR: command block failed

2025-11-21 21:53:06.951 | INFO     | __main__:<module>:45 - Starting subject 1280
2025-11-21 21:53:06.957 | INFO     | __main__:<module>:73 - bash /home/srs-9/Projects/ms_mri/scripts/lst-ai/lst_ai.sh /mnt/h/3Tpioneer_bids/sub-ms1280/ses-20220317
2025-11-21 21:53:09.857 | DEBUG    | __main__:<module>:81 - RUN: producing /mnt/h/3Tpioneer_bids/sub-ms1280/ses-20220317/lst-ai/space-flair_seg-lst.nii.gz
ERROR: command block failed

2025-11-21 21:53:09.857 | INFO     | __main__:<module>:45 - Starting subject 1283
2025-11-21 21:53:09.859 | INFO     | __main__:<module>:73 - bash /home/srs-9/Projects/ms_mri/scripts/lst-ai/lst_ai.sh /mnt/h/3Tpioneer_bids/sub-ms1283/ses-20200810
2025-11-21 21:53:13.255 | DEBUG    | __main__:<module>:81 - RUN: producing /mnt/h/3Tpioneer_bids/sub-ms1283/ses-20200810/lst-ai/space-flair_seg-lst.nii.gz
ERROR: command block failed

2025-11-21 21:53:13.255 | INFO     | __main__:<module>:45 - Starting subject 1285
2025-11-21 21:53:13.259 | INFO     | __main__:<module>:73 - bash /home/srs-9/Projects/ms_mri/scripts/lst-ai/lst_ai.sh /mnt/h/3Tpioneer_bids/sub-ms1285/ses-20161105
2025-11-21 21:53:16.060 | DEBUG    | __main__:<module>:81 - RUN: producing /mnt/h/3Tpioneer_bids/sub-ms1285/ses-20161105/lst-ai/space-flair_seg-lst.nii.gz
ERROR: command block failed

2025-11-21 21:53:16.060 | INFO     | __main__:<module>:45 - Starting subject 1287
2025-11-21 21:53:16.061 | INFO     | __main__:<module>:73 - bash /home/srs-9/Projects/ms_mri/scripts/lst-ai/lst_ai.sh /mnt/h/3Tpioneer_bids/sub-ms1287/ses-20200515
2025-11-21 21:53:19.112 | DEBUG    | __main__:<module>:81 - RUN: producing /mnt/h/3Tpioneer_bids/sub-ms1287/ses-20200515/lst-ai/space-flair_seg-lst.nii.gz
ERROR: command block failed

2025-11-21 21:53:19.113 | INFO     | __main__:<module>:45 - Starting subject 1302
2025-11-21 21:53:19.114 | INFO     | __main__:<module>:73 - bash /home/srs-9/Projects/ms_mri/scripts/lst-ai/lst_ai.sh /mnt/h/3Tpioneer_bids/sub-ms1302/ses-20200911
2025-11-21 21:53:22.081 | DEBUG    | __main__:<module>:81 - RUN: producing /mnt/h/3Tpioneer_bids/sub-ms1302/ses-20200911/lst-ai/space-flair_seg-lst.nii.gz
ERROR: command block failed

2025-11-21 21:53:22.081 | INFO     | __main__:<module>:45 - Starting subject 1317
2025-11-21 21:53:22.086 | INFO     | __main__:<module>:73 - bash /home/srs-9/Projects/ms_mri/scripts/lst-ai/lst_ai.sh /mnt/h/3Tpioneer_bids/sub-ms1317/ses-20201013
2025-11-21 21:53:24.818 | DEBUG    | __main__:<module>:81 - RUN: producing /mnt/h/3Tpioneer_bids/sub-ms1317/ses-20201013/lst-ai/space-flair_seg-lst.nii.gz
ERROR: command block failed

2025-11-21 21:53:24.818 | INFO     | __main__:<module>:45 - Starting subject 1321
2025-11-21 21:53:24.820 | INFO     | __main__:<module>:73 - bash /home/srs-9/Projects/ms_mri/scripts/lst-ai/lst_ai.sh /mnt/h/3Tpioneer_bids/sub-ms1321/ses-20201020
2025-11-21 21:53:27.540 | DEBUG    | __main__:<module>:81 - RUN: producing /mnt/h/3Tpioneer_bids/sub-ms1321/ses-20201020/lst-ai/space-flair_seg-lst.nii.gz
ERROR: command block failed

2025-11-21 21:53:27.540 | INFO     | __main__:<module>:45 - Starting subject 1323
2025-11-21 21:53:27.541 | INFO     | __main__:<module>:73 - bash /home/srs-9/Projects/ms_mri/scripts/lst-ai/lst_ai.sh /mnt/h/3Tpioneer_bids/sub-ms1323/ses-20191011
2025-11-21 21:53:30.260 | DEBUG    | __main__:<module>:81 - RUN: producing /mnt/h/3Tpioneer_bids/sub-ms1323/ses-20191011/lst-ai/space-flair_seg-lst.nii.gz
ERROR: command block failed

2025-11-21 21:53:30.260 | INFO     | __main__:<module>:45 - Starting subject 1344
2025-11-21 21:53:30.261 | INFO     | __main__:<module>:73 - bash /home/srs-9/Projects/ms_mri/scripts/lst-ai/lst_ai.sh /mnt/h/3Tpioneer_bids/sub-ms1344/ses-20160925
2025-11-21 21:53:32.794 | DEBUG    | __main__:<module>:81 - RUN: producing /mnt/h/3Tpioneer_bids/sub-ms1344/ses-20160925/lst-ai/space-flair_seg-lst.nii.gz
ERROR: command block failed

2025-11-21 21:53:32.794 | INFO     | __main__:<module>:45 - Starting subject 1355
2025-11-21 21:53:32.796 | INFO     | __main__:<module>:73 - bash /home/srs-9/Projects/ms_mri/scripts/lst-ai/lst_ai.sh /mnt/h/3Tpioneer_bids/sub-ms1355/ses-20210104
2025-11-21 21:53:35.754 | DEBUG    | __main__:<module>:81 - RUN: producing /mnt/h/3Tpioneer_bids/sub-ms1355/ses-20210104/lst-ai/space-flair_seg-lst.nii.gz
ERROR: command block failed

2025-11-21 21:53:35.755 | INFO     | __main__:<module>:45 - Starting subject 1379
2025-11-21 21:53:35.756 | WARNING  | __main__:<module>:56 - sub1379 does not have a FLAIR in any session, so must skip
2025-11-21 21:53:35.756 | INFO     | __main__:<module>:45 - Starting subject 1383
2025-11-21 21:53:35.757 | INFO     | __main__:<module>:73 - bash /home/srs-9/Projects/ms_mri/scripts/lst-ai/lst_ai.sh /mnt/h/3Tpioneer_bids/sub-ms1383/ses-20181105
2025-11-21 21:53:38.680 | DEBUG    | __main__:<module>:81 - RUN: producing /mnt/h/3Tpioneer_bids/sub-ms1383/ses-20181105/lst-ai/space-flair_seg-lst.nii.gz
ERROR: command block failed

2025-11-21 21:53:38.680 | INFO     | __main__:<module>:45 - Starting subject 1384
2025-11-21 21:53:38.684 | INFO     | __main__:<module>:73 - bash /home/srs-9/Projects/ms_mri/scripts/lst-ai/lst_ai.sh /mnt/h/3Tpioneer_bids/sub-ms1384/ses-20170203
2025-11-21 21:53:41.747 | DEBUG    | __main__:<module>:81 - RUN: producing /mnt/h/3Tpioneer_bids/sub-ms1384/ses-20170203/lst-ai/space-flair_seg-lst.nii.gz
ERROR: command block failed

2025-11-21 21:53:41.747 | INFO     | __main__:<module>:45 - Starting subject 1391
2025-11-21 21:53:41.750 | INFO     | __main__:<module>:73 - bash /home/srs-9/Projects/ms_mri/scripts/lst-ai/lst_ai.sh /mnt/h/3Tpioneer_bids/sub-ms1391/ses-20201207
2025-11-21 21:53:44.552 | DEBUG    | __main__:<module>:81 - RUN: producing /mnt/h/3Tpioneer_bids/sub-ms1391/ses-20201207/lst-ai/space-flair_seg-lst.nii.gz
ERROR: command block failed

2025-11-21 21:53:44.552 | INFO     | __main__:<module>:45 - Starting subject 1406
2025-11-21 21:53:44.554 | INFO     | __main__:<module>:73 - bash /home/srs-9/Projects/ms_mri/scripts/lst-ai/lst_ai.sh /mnt/h/3Tpioneer_bids/sub-ms1406/ses-20200929
2025-11-21 21:53:47.443 | DEBUG    | __main__:<module>:81 - RUN: producing /mnt/h/3Tpioneer_bids/sub-ms1406/ses-20200929/lst-ai/space-flair_seg-lst.nii.gz
ERROR: command block failed

2025-11-21 21:53:47.443 | INFO     | __main__:<module>:45 - Starting subject 1421
2025-11-21 21:53:47.444 | INFO     | __main__:<module>:73 - bash /home/srs-9/Projects/ms_mri/scripts/lst-ai/lst_ai.sh /mnt/h/3Tpioneer_bids/sub-ms1421/ses-20210122
2025-11-21 21:53:50.613 | DEBUG    | __main__:<module>:81 - RUN: producing /mnt/h/3Tpioneer_bids/sub-ms1421/ses-20210122/lst-ai/space-flair_seg-lst.nii.gz
ERROR: command block failed

2025-11-21 21:53:50.613 | INFO     | __main__:<module>:45 - Starting subject 1423
2025-11-21 21:53:50.616 | INFO     | __main__:<module>:73 - bash /home/srs-9/Projects/ms_mri/scripts/lst-ai/lst_ai.sh /mnt/h/3Tpioneer_bids/sub-ms1423/ses-20170302
2025-11-21 21:53:53.192 | DEBUG    | __main__:<module>:81 - RUN: producing /mnt/h/3Tpioneer_bids/sub-ms1423/ses-20170302/lst-ai/space-flair_seg-lst.nii.gz
ERROR: command block failed

2025-11-21 21:53:53.193 | INFO     | __main__:<module>:45 - Starting subject 1425
2025-11-21 21:53:53.196 | INFO     | __main__:<module>:73 - bash /home/srs-9/Projects/ms_mri/scripts/lst-ai/lst_ai.sh /mnt/h/3Tpioneer_bids/sub-ms1425/ses-20210420
2025-11-21 21:53:56.078 | DEBUG    | __main__:<module>:81 - RUN: producing /mnt/h/3Tpioneer_bids/sub-ms1425/ses-20210420/lst-ai/space-flair_seg-lst.nii.gz
ERROR: command block failed

2025-11-21 21:53:56.078 | INFO     | __main__:<module>:45 - Starting subject 1433
2025-11-21 21:53:56.083 | INFO     | __main__:<module>:73 - bash /home/srs-9/Projects/ms_mri/scripts/lst-ai/lst_ai.sh /mnt/h/3Tpioneer_bids/sub-ms1433/ses-20201230
2025-11-21 21:53:59.231 | DEBUG    | __main__:<module>:81 - RUN: producing /mnt/h/3Tpioneer_bids/sub-ms1433/ses-20201230/lst-ai/space-flair_seg-lst.nii.gz
ERROR: command block failed

2025-11-21 21:53:59.231 | INFO     | __main__:<module>:45 - Starting subject 1437
2025-11-21 21:53:59.233 | INFO     | __main__:<module>:73 - bash /home/srs-9/Projects/ms_mri/scripts/lst-ai/lst_ai.sh /mnt/h/3Tpioneer_bids/sub-ms1437/ses-20210503
2025-11-21 21:54:02.496 | DEBUG    | __main__:<module>:81 - RUN: producing /mnt/h/3Tpioneer_bids/sub-ms1437/ses-20210503/lst-ai/space-flair_seg-lst.nii.gz
ERROR: command block failed

2025-11-21 21:54:02.496 | INFO     | __main__:<module>:45 - Starting subject 1463
2025-11-21 21:54:02.500 | INFO     | __main__:<module>:73 - bash /home/srs-9/Projects/ms_mri/scripts/lst-ai/lst_ai.sh /mnt/h/3Tpioneer_bids/sub-ms1463/ses-20180210
2025-11-21 21:54:05.326 | DEBUG    | __main__:<module>:81 - RUN: producing /mnt/h/3Tpioneer_bids/sub-ms1463/ses-20180210/lst-ai/space-flair_seg-lst.nii.gz
ERROR: command block failed

2025-11-21 21:54:05.326 | INFO     | __main__:<module>:45 - Starting subject 1476
2025-11-21 21:54:05.330 | INFO     | __main__:<module>:73 - bash /home/srs-9/Projects/ms_mri/scripts/lst-ai/lst_ai.sh /mnt/h/3Tpioneer_bids/sub-ms1476/ses-20180414
2025-11-21 21:54:07.737 | DEBUG    | __main__:<module>:81 - RUN: producing /mnt/h/3Tpioneer_bids/sub-ms1476/ses-20180414/lst-ai/space-flair_seg-lst.nii.gz
ERROR: command block failed

2025-11-21 21:54:07.738 | INFO     | __main__:<module>:45 - Starting subject 1484
2025-11-21 21:54:07.741 | INFO     | __main__:<module>:73 - bash /home/srs-9/Projects/ms_mri/scripts/lst-ai/lst_ai.sh /mnt/h/3Tpioneer_bids/sub-ms1484/ses-20220212
2025-11-21 21:54:10.640 | DEBUG    | __main__:<module>:81 - RUN: producing /mnt/h/3Tpioneer_bids/sub-ms1484/ses-20220212/lst-ai/space-flair_seg-lst.nii.gz
ERROR: command block failed

2025-11-21 21:54:10.641 | INFO     | __main__:<module>:45 - Starting subject 1486
2025-11-21 21:54:10.643 | INFO     | __main__:<module>:73 - bash /home/srs-9/Projects/ms_mri/scripts/lst-ai/lst_ai.sh /mnt/h/3Tpioneer_bids/sub-ms1486/ses-20210224
2025-11-21 21:54:13.456 | DEBUG    | __main__:<module>:81 - RUN: producing /mnt/h/3Tpioneer_bids/sub-ms1486/ses-20210224/lst-ai/space-flair_seg-lst.nii.gz
ERROR: command block failed

2025-11-21 21:54:13.457 | INFO     | __main__:<module>:45 - Starting subject 1488
2025-11-21 21:54:13.460 | INFO     | __main__:<module>:73 - bash /home/srs-9/Projects/ms_mri/scripts/lst-ai/lst_ai.sh /mnt/h/3Tpioneer_bids/sub-ms1488/ses-20210905
2025-11-21 21:54:16.287 | DEBUG    | __main__:<module>:81 - RUN: producing /mnt/h/3Tpioneer_bids/sub-ms1488/ses-20210905/lst-ai/space-flair_seg-lst.nii.gz
ERROR: command block failed

2025-11-21 21:54:16.287 | INFO     | __main__:<module>:45 - Starting subject 1489
2025-11-21 21:54:16.290 | INFO     | __main__:<module>:73 - bash /home/srs-9/Projects/ms_mri/scripts/lst-ai/lst_ai.sh /mnt/h/3Tpioneer_bids/sub-ms1489/ses-20211109
2025-11-21 21:54:19.229 | DEBUG    | __main__:<module>:81 - RUN: producing /mnt/h/3Tpioneer_bids/sub-ms1489/ses-20211109/lst-ai/space-flair_seg-lst.nii.gz
ERROR: command block failed

2025-11-21 21:54:19.229 | INFO     | __main__:<module>:45 - Starting subject 1492
2025-11-21 21:54:19.232 | INFO     | __main__:<module>:73 - bash /home/srs-9/Projects/ms_mri/scripts/lst-ai/lst_ai.sh /mnt/h/3Tpioneer_bids/sub-ms1492/ses-20190620
2025-11-21 21:54:22.369 | DEBUG    | __main__:<module>:81 - RUN: producing /mnt/h/3Tpioneer_bids/sub-ms1492/ses-20190620/lst-ai/space-flair_seg-lst.nii.gz
ERROR: command block failed

2025-11-21 21:54:22.369 | INFO     | __main__:<module>:45 - Starting subject 1494
2025-11-21 21:54:22.372 | INFO     | __main__:<module>:73 - bash /home/srs-9/Projects/ms_mri/scripts/lst-ai/lst_ai.sh /mnt/h/3Tpioneer_bids/sub-ms1494/ses-20181116
2025-11-21 21:57:46.404 | INFO     | __main__:<module>:45 - Starting subject 1027
2025-11-21 21:57:46.404 | INFO     | __main__:<module>:73 - bash /home/srs-9/Projects/ms_mri/scripts/lst-ai/lst_ai.sh /mnt/h/3Tpioneer_bids/sub-ms1027/ses-20170127
2025-11-21 22:03:30.917 | DEBUG    | __main__:<module>:81 - RUN: producing /mnt/h/3Tpioneer_bids/sub-ms1027/ses-20170127/lst-ai/space-flair_seg-lst.nii.gz
OK: produced /mnt/h/3Tpioneer_bids/sub-ms1027/ses-20170127/lst-ai/space-flair_seg-lst.nii.gz

2025-11-21 22:03:30.917 | INFO     | __main__:<module>:45 - Starting subject 1028
2025-11-21 22:03:30.919 | INFO     | __main__:<module>:73 - bash /home/srs-9/Projects/ms_mri/scripts/lst-ai/lst_ai.sh /mnt/h/3Tpioneer_bids/sub-ms1028/ses-20190608
2025-11-21 22:09:19.566 | DEBUG    | __main__:<module>:81 - RUN: producing /mnt/h/3Tpioneer_bids/sub-ms1028/ses-20190608/lst-ai/space-flair_seg-lst.nii.gz
OK: produced /mnt/h/3Tpioneer_bids/sub-ms1028/ses-20190608/lst-ai/space-flair_seg-lst.nii.gz

2025-11-21 22:09:19.566 | INFO     | __main__:<module>:45 - Starting subject 1029
2025-11-21 22:09:19.572 | INFO     | __main__:<module>:73 - bash /home/srs-9/Projects/ms_mri/scripts/lst-ai/lst_ai.sh /mnt/h/3Tpioneer_bids/sub-ms1029/ses-20170816
2025-11-21 22:15:20.136 | DEBUG    | __main__:<module>:81 - RUN: producing /mnt/h/3Tpioneer_bids/sub-ms1029/ses-20170816/lst-ai/space-flair_seg-lst.nii.gz
OK: produced /mnt/h/3Tpioneer_bids/sub-ms1029/ses-20170816/lst-ai/space-flair_seg-lst.nii.gz

2025-11-21 22:15:20.136 | INFO     | __main__:<module>:45 - Starting subject 1064
2025-11-21 22:15:20.138 | INFO     | __main__:<module>:73 - bash /home/srs-9/Projects/ms_mri/scripts/lst-ai/lst_ai.sh /mnt/h/3Tpioneer_bids/sub-ms1064/ses-20170310
2025-11-21 22:21:11.527 | DEBUG    | __main__:<module>:81 - RUN: producing /mnt/h/3Tpioneer_bids/sub-ms1064/ses-20170310/lst-ai/space-flair_seg-lst.nii.gz
OK: produced /mnt/h/3Tpioneer_bids/sub-ms1064/ses-20170310/lst-ai/space-flair_seg-lst.nii.gz

2025-11-21 22:21:11.527 | INFO     | __main__:<module>:45 - Starting subject 1105
2025-11-21 22:21:11.528 | INFO     | __main__:<module>:73 - bash /home/srs-9/Projects/ms_mri/scripts/lst-ai/lst_ai.sh /mnt/h/3Tpioneer_bids/sub-ms1105/ses-20171208
2025-11-22 11:08:28.449 | INFO     | __main__:<module>:45 - Starting subject 1027
2025-11-22 11:08:28.452 | INFO     | __main__:<module>:73 - bash /home/srs-9/Projects/ms_mri/scripts/lst-ai/lst_ai.sh /mnt/h/3Tpioneer_bids/sub-ms1027/ses-20170127
2025-11-22 11:08:28.512 | DEBUG    | __main__:<module>:81 - SKIP: /mnt/h/3Tpioneer_bids/sub-ms1027/ses-20170127/lst-ai/space-flair_seg-lst.nii.gz exists

2025-11-22 11:08:28.512 | INFO     | __main__:<module>:45 - Starting subject 1028
2025-11-22 11:08:28.514 | INFO     | __main__:<module>:73 - bash /home/srs-9/Projects/ms_mri/scripts/lst-ai/lst_ai.sh /mnt/h/3Tpioneer_bids/sub-ms1028/ses-20190608
2025-11-22 11:08:28.542 | DEBUG    | __main__:<module>:81 - SKIP: /mnt/h/3Tpioneer_bids/sub-ms1028/ses-20190608/lst-ai/space-flair_seg-lst.nii.gz exists

2025-11-22 11:08:28.542 | INFO     | __main__:<module>:45 - Starting subject 1029
2025-11-22 11:08:28.574 | INFO     | __main__:<module>:73 - bash /home/srs-9/Projects/ms_mri/scripts/lst-ai/lst_ai.sh /mnt/h/3Tpioneer_bids/sub-ms1029/ses-20170816
2025-11-22 11:08:28.616 | DEBUG    | __main__:<module>:81 - SKIP: /mnt/h/3Tpioneer_bids/sub-ms1029/ses-20170816/lst-ai/space-flair_seg-lst.nii.gz exists

2025-11-22 11:08:28.617 | INFO     | __main__:<module>:45 - Starting subject 1064
2025-11-22 11:08:28.646 | INFO     | __main__:<module>:73 - bash /home/srs-9/Projects/ms_mri/scripts/lst-ai/lst_ai.sh /mnt/h/3Tpioneer_bids/sub-ms1064/ses-20170310
2025-11-22 11:08:28.698 | DEBUG    | __main__:<module>:81 - SKIP: /mnt/h/3Tpioneer_bids/sub-ms1064/ses-20170310/lst-ai/space-flair_seg-lst.nii.gz exists

2025-11-22 11:08:28.698 | INFO     | __main__:<module>:45 - Starting subject 1105
2025-11-22 11:08:28.702 | INFO     | __main__:<module>:73 - bash /home/srs-9/Projects/ms_mri/scripts/lst-ai/lst_ai.sh /mnt/h/3Tpioneer_bids/sub-ms1105/ses-20171208
2025-11-22 11:14:49.897 | DEBUG    | __main__:<module>:81 - RUN: producing /mnt/h/3Tpioneer_bids/sub-ms1105/ses-20171208/lst-ai/space-flair_seg-lst.nii.gz
OK: produced /mnt/h/3Tpioneer_bids/sub-ms1105/ses-20171208/lst-ai/space-flair_seg-lst.nii.gz

2025-11-22 11:14:49.898 | INFO     | __main__:<module>:45 - Starting subject 1145
2025-11-22 11:14:50.196 | INFO     | __main__:<module>:73 - bash /home/srs-9/Projects/ms_mri/scripts/lst-ai/lst_ai.sh /mnt/h/3Tpioneer_bids/sub-ms1145/ses-20191126
2025-11-22 11:20:32.266 | DEBUG    | __main__:<module>:81 - RUN: producing /mnt/h/3Tpioneer_bids/sub-ms1145/ses-20191126/lst-ai/space-flair_seg-lst.nii.gz
OK: produced /mnt/h/3Tpioneer_bids/sub-ms1145/ses-20191126/lst-ai/space-flair_seg-lst.nii.gz

2025-11-22 11:20:32.267 | INFO     | __main__:<module>:45 - Starting subject 1163
2025-11-22 11:20:32.452 | INFO     | __main__:<module>:73 - bash /home/srs-9/Projects/ms_mri/scripts/lst-ai/lst_ai.sh /mnt/h/3Tpioneer_bids/sub-ms1163/ses-20180907
2025-11-22 11:26:22.234 | DEBUG    | __main__:<module>:81 - RUN: producing /mnt/h/3Tpioneer_bids/sub-ms1163/ses-20180907/lst-ai/space-flair_seg-lst.nii.gz
OK: produced /mnt/h/3Tpioneer_bids/sub-ms1163/ses-20180907/lst-ai/space-flair_seg-lst.nii.gz

2025-11-22 11:26:22.234 | INFO     | __main__:<module>:45 - Starting subject 1191
2025-11-22 11:26:22.241 | INFO     | __main__:<module>:73 - bash /home/srs-9/Projects/ms_mri/scripts/lst-ai/lst_ai.sh /mnt/h/3Tpioneer_bids/sub-ms1191/ses-20190124
2025-11-22 11:32:08.032 | DEBUG    | __main__:<module>:81 - RUN: producing /mnt/h/3Tpioneer_bids/sub-ms1191/ses-20190124/lst-ai/space-flair_seg-lst.nii.gz
OK: produced /mnt/h/3Tpioneer_bids/sub-ms1191/ses-20190124/lst-ai/space-flair_seg-lst.nii.gz

2025-11-22 11:32:08.033 | INFO     | __main__:<module>:45 - Starting subject 1196
2025-11-22 11:32:08.173 | INFO     | __main__:<module>:73 - bash /home/srs-9/Projects/ms_mri/scripts/lst-ai/lst_ai.sh /mnt/h/3Tpioneer_bids/sub-ms1196/ses-20170725
2025-11-22 11:32:08.322 | DEBUG    | __main__:<module>:81 - SKIP: /mnt/h/3Tpioneer_bids/sub-ms1196/ses-20170725/lst-ai/space-flair_seg-lst.nii.gz exists

2025-11-22 11:32:08.322 | INFO     | __main__:<module>:45 - Starting subject 1200
2025-11-22 11:32:08.427 | INFO     | __main__:<module>:73 - bash /home/srs-9/Projects/ms_mri/scripts/lst-ai/lst_ai.sh /mnt/h/3Tpioneer_bids/sub-ms1200/ses-20170128
2025-11-22 11:37:52.690 | DEBUG    | __main__:<module>:81 - RUN: producing /mnt/h/3Tpioneer_bids/sub-ms1200/ses-20170128/lst-ai/space-flair_seg-lst.nii.gz
OK: produced /mnt/h/3Tpioneer_bids/sub-ms1200/ses-20170128/lst-ai/space-flair_seg-lst.nii.gz

2025-11-22 11:37:52.690 | INFO     | __main__:<module>:45 - Starting subject 1203
2025-11-22 11:37:52.842 | INFO     | __main__:<module>:73 - bash /home/srs-9/Projects/ms_mri/scripts/lst-ai/lst_ai.sh /mnt/h/3Tpioneer_bids/sub-ms1203/ses-20190814
2025-11-22 11:43:42.517 | DEBUG    | __main__:<module>:81 - RUN: producing /mnt/h/3Tpioneer_bids/sub-ms1203/ses-20190814/lst-ai/space-flair_seg-lst.nii.gz
OK: produced /mnt/h/3Tpioneer_bids/sub-ms1203/ses-20190814/lst-ai/space-flair_seg-lst.nii.gz

2025-11-22 11:43:42.518 | INFO     | __main__:<module>:45 - Starting subject 1224
2025-11-22 11:43:42.570 | INFO     | __main__:<module>:73 - bash /home/srs-9/Projects/ms_mri/scripts/lst-ai/lst_ai.sh /mnt/h/3Tpioneer_bids/sub-ms1224/ses-20181007
2025-11-22 11:49:43.515 | DEBUG    | __main__:<module>:81 - RUN: producing /mnt/h/3Tpioneer_bids/sub-ms1224/ses-20181007/lst-ai/space-flair_seg-lst.nii.gz
OK: produced /mnt/h/3Tpioneer_bids/sub-ms1224/ses-20181007/lst-ai/space-flair_seg-lst.nii.gz

2025-11-22 11:49:43.516 | INFO     | __main__:<module>:45 - Starting subject 1245
2025-11-22 11:49:43.518 | WARNING  | __main__:<module>:56 - sub1245 does not have a FLAIR in any session, so must skip
2025-11-22 11:49:43.518 | INFO     | __main__:<module>:45 - Starting subject 1264
2025-11-22 11:49:43.520 | INFO     | __main__:<module>:73 - bash /home/srs-9/Projects/ms_mri/scripts/lst-ai/lst_ai.sh /mnt/h/3Tpioneer_bids/sub-ms1264/ses-20170806
2025-11-22 11:55:40.986 | DEBUG    | __main__:<module>:81 - RUN: producing /mnt/h/3Tpioneer_bids/sub-ms1264/ses-20170806/lst-ai/space-flair_seg-lst.nii.gz
OK: produced /mnt/h/3Tpioneer_bids/sub-ms1264/ses-20170806/lst-ai/space-flair_seg-lst.nii.gz

2025-11-22 11:55:40.986 | INFO     | __main__:<module>:45 - Starting subject 1270
2025-11-22 11:55:40.989 | INFO     | __main__:<module>:73 - bash /home/srs-9/Projects/ms_mri/scripts/lst-ai/lst_ai.sh /mnt/h/3Tpioneer_bids/sub-ms1270/ses-20200909
2025-11-22 12:01:31.860 | DEBUG    | __main__:<module>:81 - RUN: producing /mnt/h/3Tpioneer_bids/sub-ms1270/ses-20200909/lst-ai/space-flair_seg-lst.nii.gz
OK: produced /mnt/h/3Tpioneer_bids/sub-ms1270/ses-20200909/lst-ai/space-flair_seg-lst.nii.gz

2025-11-22 12:01:31.860 | INFO     | __main__:<module>:45 - Starting subject 1280
2025-11-22 12:01:31.868 | INFO     | __main__:<module>:73 - bash /home/srs-9/Projects/ms_mri/scripts/lst-ai/lst_ai.sh /mnt/h/3Tpioneer_bids/sub-ms1280/ses-20220317
2025-11-22 12:07:16.057 | DEBUG    | __main__:<module>:81 - RUN: producing /mnt/h/3Tpioneer_bids/sub-ms1280/ses-20220317/lst-ai/space-flair_seg-lst.nii.gz
OK: produced /mnt/h/3Tpioneer_bids/sub-ms1280/ses-20220317/lst-ai/space-flair_seg-lst.nii.gz

2025-11-22 12:07:16.057 | INFO     | __main__:<module>:45 - Starting subject 1283
2025-11-22 12:07:16.059 | INFO     | __main__:<module>:73 - bash /home/srs-9/Projects/ms_mri/scripts/lst-ai/lst_ai.sh /mnt/h/3Tpioneer_bids/sub-ms1283/ses-20200810
2025-11-22 12:13:09.160 | DEBUG    | __main__:<module>:81 - RUN: producing /mnt/h/3Tpioneer_bids/sub-ms1283/ses-20200810/lst-ai/space-flair_seg-lst.nii.gz
OK: produced /mnt/h/3Tpioneer_bids/sub-ms1283/ses-20200810/lst-ai/space-flair_seg-lst.nii.gz

2025-11-22 12:13:09.161 | INFO     | __main__:<module>:45 - Starting subject 1285
2025-11-22 12:13:09.167 | INFO     | __main__:<module>:73 - bash /home/srs-9/Projects/ms_mri/scripts/lst-ai/lst_ai.sh /mnt/h/3Tpioneer_bids/sub-ms1285/ses-20161105
2025-11-22 12:19:08.549 | DEBUG    | __main__:<module>:81 - RUN: producing /mnt/h/3Tpioneer_bids/sub-ms1285/ses-20161105/lst-ai/space-flair_seg-lst.nii.gz
OK: produced /mnt/h/3Tpioneer_bids/sub-ms1285/ses-20161105/lst-ai/space-flair_seg-lst.nii.gz

2025-11-22 12:19:08.549 | INFO     | __main__:<module>:45 - Starting subject 1287
2025-11-22 12:19:08.554 | INFO     | __main__:<module>:73 - bash /home/srs-9/Projects/ms_mri/scripts/lst-ai/lst_ai.sh /mnt/h/3Tpioneer_bids/sub-ms1287/ses-20200515
2025-11-22 12:25:06.021 | DEBUG    | __main__:<module>:81 - RUN: producing /mnt/h/3Tpioneer_bids/sub-ms1287/ses-20200515/lst-ai/space-flair_seg-lst.nii.gz
OK: produced /mnt/h/3Tpioneer_bids/sub-ms1287/ses-20200515/lst-ai/space-flair_seg-lst.nii.gz

2025-11-22 12:25:06.022 | INFO     | __main__:<module>:45 - Starting subject 1302
2025-11-22 12:25:06.034 | INFO     | __main__:<module>:73 - bash /home/srs-9/Projects/ms_mri/scripts/lst-ai/lst_ai.sh /mnt/h/3Tpioneer_bids/sub-ms1302/ses-20200911
2025-11-22 12:31:21.442 | DEBUG    | __main__:<module>:81 - RUN: producing /mnt/h/3Tpioneer_bids/sub-ms1302/ses-20200911/lst-ai/space-flair_seg-lst.nii.gz
OK: produced /mnt/h/3Tpioneer_bids/sub-ms1302/ses-20200911/lst-ai/space-flair_seg-lst.nii.gz

2025-11-22 12:31:21.443 | INFO     | __main__:<module>:45 - Starting subject 1317
2025-11-22 12:31:21.446 | INFO     | __main__:<module>:73 - bash /home/srs-9/Projects/ms_mri/scripts/lst-ai/lst_ai.sh /mnt/h/3Tpioneer_bids/sub-ms1317/ses-20201013
2025-11-22 12:37:12.708 | DEBUG    | __main__:<module>:81 - RUN: producing /mnt/h/3Tpioneer_bids/sub-ms1317/ses-20201013/lst-ai/space-flair_seg-lst.nii.gz
OK: produced /mnt/h/3Tpioneer_bids/sub-ms1317/ses-20201013/lst-ai/space-flair_seg-lst.nii.gz

2025-11-22 12:37:12.708 | INFO     | __main__:<module>:45 - Starting subject 1321
2025-11-22 12:37:12.710 | INFO     | __main__:<module>:73 - bash /home/srs-9/Projects/ms_mri/scripts/lst-ai/lst_ai.sh /mnt/h/3Tpioneer_bids/sub-ms1321/ses-20201020
2025-11-22 12:43:00.313 | DEBUG    | __main__:<module>:81 - RUN: producing /mnt/h/3Tpioneer_bids/sub-ms1321/ses-20201020/lst-ai/space-flair_seg-lst.nii.gz
OK: produced /mnt/h/3Tpioneer_bids/sub-ms1321/ses-20201020/lst-ai/space-flair_seg-lst.nii.gz

2025-11-22 12:43:00.314 | INFO     | __main__:<module>:45 - Starting subject 1323
2025-11-22 12:43:00.317 | INFO     | __main__:<module>:73 - bash /home/srs-9/Projects/ms_mri/scripts/lst-ai/lst_ai.sh /mnt/h/3Tpioneer_bids/sub-ms1323/ses-20191011
2025-11-22 12:48:49.895 | DEBUG    | __main__:<module>:81 - RUN: producing /mnt/h/3Tpioneer_bids/sub-ms1323/ses-20191011/lst-ai/space-flair_seg-lst.nii.gz
OK: produced /mnt/h/3Tpioneer_bids/sub-ms1323/ses-20191011/lst-ai/space-flair_seg-lst.nii.gz

2025-11-22 12:48:49.896 | INFO     | __main__:<module>:45 - Starting subject 1344
2025-11-22 12:48:49.901 | INFO     | __main__:<module>:73 - bash /home/srs-9/Projects/ms_mri/scripts/lst-ai/lst_ai.sh /mnt/h/3Tpioneer_bids/sub-ms1344/ses-20160925
2025-11-22 12:55:19.405 | DEBUG    | __main__:<module>:81 - RUN: producing /mnt/h/3Tpioneer_bids/sub-ms1344/ses-20160925/lst-ai/space-flair_seg-lst.nii.gz
OK: produced /mnt/h/3Tpioneer_bids/sub-ms1344/ses-20160925/lst-ai/space-flair_seg-lst.nii.gz

2025-11-22 12:55:19.405 | INFO     | __main__:<module>:45 - Starting subject 1355
2025-11-22 12:55:19.406 | INFO     | __main__:<module>:73 - bash /home/srs-9/Projects/ms_mri/scripts/lst-ai/lst_ai.sh /mnt/h/3Tpioneer_bids/sub-ms1355/ses-20210104
2025-11-22 13:01:13.339 | DEBUG    | __main__:<module>:81 - RUN: producing /mnt/h/3Tpioneer_bids/sub-ms1355/ses-20210104/lst-ai/space-flair_seg-lst.nii.gz
OK: produced /mnt/h/3Tpioneer_bids/sub-ms1355/ses-20210104/lst-ai/space-flair_seg-lst.nii.gz

2025-11-22 13:01:13.340 | INFO     | __main__:<module>:45 - Starting subject 1379
2025-11-22 13:01:13.345 | WARNING  | __main__:<module>:56 - sub1379 does not have a FLAIR in any session, so must skip
2025-11-22 13:01:13.346 | INFO     | __main__:<module>:45 - Starting subject 1383
2025-11-22 13:01:13.350 | INFO     | __main__:<module>:73 - bash /home/srs-9/Projects/ms_mri/scripts/lst-ai/lst_ai.sh /mnt/h/3Tpioneer_bids/sub-ms1383/ses-20181105
2025-11-22 13:07:33.494 | DEBUG    | __main__:<module>:81 - RUN: producing /mnt/h/3Tpioneer_bids/sub-ms1383/ses-20181105/lst-ai/space-flair_seg-lst.nii.gz
OK: produced /mnt/h/3Tpioneer_bids/sub-ms1383/ses-20181105/lst-ai/space-flair_seg-lst.nii.gz

2025-11-22 13:07:33.495 | INFO     | __main__:<module>:45 - Starting subject 1384
2025-11-22 13:07:33.497 | INFO     | __main__:<module>:73 - bash /home/srs-9/Projects/ms_mri/scripts/lst-ai/lst_ai.sh /mnt/h/3Tpioneer_bids/sub-ms1384/ses-20170203
2025-11-22 13:13:31.267 | DEBUG    | __main__:<module>:81 - RUN: producing /mnt/h/3Tpioneer_bids/sub-ms1384/ses-20170203/lst-ai/space-flair_seg-lst.nii.gz
OK: produced /mnt/h/3Tpioneer_bids/sub-ms1384/ses-20170203/lst-ai/space-flair_seg-lst.nii.gz

2025-11-22 13:13:31.268 | INFO     | __main__:<module>:45 - Starting subject 1391
2025-11-22 13:13:31.274 | INFO     | __main__:<module>:73 - bash /home/srs-9/Projects/ms_mri/scripts/lst-ai/lst_ai.sh /mnt/h/3Tpioneer_bids/sub-ms1391/ses-20201207
2025-11-22 13:19:29.641 | DEBUG    | __main__:<module>:81 - RUN: producing /mnt/h/3Tpioneer_bids/sub-ms1391/ses-20201207/lst-ai/space-flair_seg-lst.nii.gz
OK: produced /mnt/h/3Tpioneer_bids/sub-ms1391/ses-20201207/lst-ai/space-flair_seg-lst.nii.gz

2025-11-22 13:19:29.641 | INFO     | __main__:<module>:45 - Starting subject 1406
2025-11-22 13:19:29.643 | INFO     | __main__:<module>:73 - bash /home/srs-9/Projects/ms_mri/scripts/lst-ai/lst_ai.sh /mnt/h/3Tpioneer_bids/sub-ms1406/ses-20200929
2025-11-22 13:25:38.859 | DEBUG    | __main__:<module>:81 - RUN: producing /mnt/h/3Tpioneer_bids/sub-ms1406/ses-20200929/lst-ai/space-flair_seg-lst.nii.gz
OK: produced /mnt/h/3Tpioneer_bids/sub-ms1406/ses-20200929/lst-ai/space-flair_seg-lst.nii.gz

2025-11-22 13:25:38.860 | INFO     | __main__:<module>:45 - Starting subject 1421
2025-11-22 13:25:38.861 | INFO     | __main__:<module>:73 - bash /home/srs-9/Projects/ms_mri/scripts/lst-ai/lst_ai.sh /mnt/h/3Tpioneer_bids/sub-ms1421/ses-20210122
2025-11-22 13:31:27.446 | DEBUG    | __main__:<module>:81 - RUN: producing /mnt/h/3Tpioneer_bids/sub-ms1421/ses-20210122/lst-ai/space-flair_seg-lst.nii.gz
OK: produced /mnt/h/3Tpioneer_bids/sub-ms1421/ses-20210122/lst-ai/space-flair_seg-lst.nii.gz

2025-11-22 13:31:27.446 | INFO     | __main__:<module>:45 - Starting subject 1423
2025-11-22 13:31:27.448 | INFO     | __main__:<module>:73 - bash /home/srs-9/Projects/ms_mri/scripts/lst-ai/lst_ai.sh /mnt/h/3Tpioneer_bids/sub-ms1423/ses-20170302
2025-11-22 13:37:28.697 | DEBUG    | __main__:<module>:81 - RUN: producing /mnt/h/3Tpioneer_bids/sub-ms1423/ses-20170302/lst-ai/space-flair_seg-lst.nii.gz
OK: produced /mnt/h/3Tpioneer_bids/sub-ms1423/ses-20170302/lst-ai/space-flair_seg-lst.nii.gz

2025-11-22 13:37:28.698 | INFO     | __main__:<module>:45 - Starting subject 1425
2025-11-22 13:37:28.700 | INFO     | __main__:<module>:73 - bash /home/srs-9/Projects/ms_mri/scripts/lst-ai/lst_ai.sh /mnt/h/3Tpioneer_bids/sub-ms1425/ses-20210420
2025-11-22 13:43:16.389 | DEBUG    | __main__:<module>:81 - RUN: producing /mnt/h/3Tpioneer_bids/sub-ms1425/ses-20210420/lst-ai/space-flair_seg-lst.nii.gz
OK: produced /mnt/h/3Tpioneer_bids/sub-ms1425/ses-20210420/lst-ai/space-flair_seg-lst.nii.gz

2025-11-22 13:43:16.390 | INFO     | __main__:<module>:45 - Starting subject 1433
2025-11-22 13:43:16.393 | INFO     | __main__:<module>:73 - bash /home/srs-9/Projects/ms_mri/scripts/lst-ai/lst_ai.sh /mnt/h/3Tpioneer_bids/sub-ms1433/ses-20201230
2025-11-22 13:49:22.785 | DEBUG    | __main__:<module>:81 - RUN: producing /mnt/h/3Tpioneer_bids/sub-ms1433/ses-20201230/lst-ai/space-flair_seg-lst.nii.gz
OK: produced /mnt/h/3Tpioneer_bids/sub-ms1433/ses-20201230/lst-ai/space-flair_seg-lst.nii.gz

2025-11-22 13:49:22.785 | INFO     | __main__:<module>:45 - Starting subject 1437
2025-11-22 13:49:22.790 | INFO     | __main__:<module>:73 - bash /home/srs-9/Projects/ms_mri/scripts/lst-ai/lst_ai.sh /mnt/h/3Tpioneer_bids/sub-ms1437/ses-20210503
2025-11-22 13:55:21.007 | DEBUG    | __main__:<module>:81 - RUN: producing /mnt/h/3Tpioneer_bids/sub-ms1437/ses-20210503/lst-ai/space-flair_seg-lst.nii.gz
OK: produced /mnt/h/3Tpioneer_bids/sub-ms1437/ses-20210503/lst-ai/space-flair_seg-lst.nii.gz

2025-11-22 13:55:21.008 | INFO     | __main__:<module>:45 - Starting subject 1463
2025-11-22 13:55:21.009 | INFO     | __main__:<module>:73 - bash /home/srs-9/Projects/ms_mri/scripts/lst-ai/lst_ai.sh /mnt/h/3Tpioneer_bids/sub-ms1463/ses-20180210
2025-11-22 14:01:06.612 | DEBUG    | __main__:<module>:81 - RUN: producing /mnt/h/3Tpioneer_bids/sub-ms1463/ses-20180210/lst-ai/space-flair_seg-lst.nii.gz
OK: produced /mnt/h/3Tpioneer_bids/sub-ms1463/ses-20180210/lst-ai/space-flair_seg-lst.nii.gz

2025-11-22 14:01:06.613 | INFO     | __main__:<module>:45 - Starting subject 1476
2025-11-22 14:01:06.617 | INFO     | __main__:<module>:73 - bash /home/srs-9/Projects/ms_mri/scripts/lst-ai/lst_ai.sh /mnt/h/3Tpioneer_bids/sub-ms1476/ses-20180414
2025-11-22 14:07:35.767 | DEBUG    | __main__:<module>:81 - RUN: producing /mnt/h/3Tpioneer_bids/sub-ms1476/ses-20180414/lst-ai/space-flair_seg-lst.nii.gz
OK: produced /mnt/h/3Tpioneer_bids/sub-ms1476/ses-20180414/lst-ai/space-flair_seg-lst.nii.gz

2025-11-22 14:07:35.768 | INFO     | __main__:<module>:45 - Starting subject 1484
2025-11-22 14:07:35.772 | INFO     | __main__:<module>:73 - bash /home/srs-9/Projects/ms_mri/scripts/lst-ai/lst_ai.sh /mnt/h/3Tpioneer_bids/sub-ms1484/ses-20220212
2025-11-22 14:13:31.871 | DEBUG    | __main__:<module>:81 - RUN: producing /mnt/h/3Tpioneer_bids/sub-ms1484/ses-20220212/lst-ai/space-flair_seg-lst.nii.gz
OK: produced /mnt/h/3Tpioneer_bids/sub-ms1484/ses-20220212/lst-ai/space-flair_seg-lst.nii.gz

2025-11-22 14:13:31.871 | INFO     | __main__:<module>:45 - Starting subject 1486
2025-11-22 14:13:31.874 | INFO     | __main__:<module>:73 - bash /home/srs-9/Projects/ms_mri/scripts/lst-ai/lst_ai.sh /mnt/h/3Tpioneer_bids/sub-ms1486/ses-20210224
2025-11-22 14:19:33.335 | DEBUG    | __main__:<module>:81 - RUN: producing /mnt/h/3Tpioneer_bids/sub-ms1486/ses-20210224/lst-ai/space-flair_seg-lst.nii.gz
OK: produced /mnt/h/3Tpioneer_bids/sub-ms1486/ses-20210224/lst-ai/space-flair_seg-lst.nii.gz

2025-11-22 14:19:33.336 | INFO     | __main__:<module>:45 - Starting subject 1488
2025-11-22 14:19:33.337 | INFO     | __main__:<module>:73 - bash /home/srs-9/Projects/ms_mri/scripts/lst-ai/lst_ai.sh /mnt/h/3Tpioneer_bids/sub-ms1488/ses-20210905
2025-11-22 14:25:51.006 | DEBUG    | __main__:<module>:81 - RUN: producing /mnt/h/3Tpioneer_bids/sub-ms1488/ses-20210905/lst-ai/space-flair_seg-lst.nii.gz
OK: produced /mnt/h/3Tpioneer_bids/sub-ms1488/ses-20210905/lst-ai/space-flair_seg-lst.nii.gz

2025-11-22 14:25:51.007 | INFO     | __main__:<module>:45 - Starting subject 1489
2025-11-22 14:25:51.011 | INFO     | __main__:<module>:73 - bash /home/srs-9/Projects/ms_mri/scripts/lst-ai/lst_ai.sh /mnt/h/3Tpioneer_bids/sub-ms1489/ses-20211109
2025-11-22 14:31:52.871 | DEBUG    | __main__:<module>:81 - RUN: producing /mnt/h/3Tpioneer_bids/sub-ms1489/ses-20211109/lst-ai/space-flair_seg-lst.nii.gz
OK: produced /mnt/h/3Tpioneer_bids/sub-ms1489/ses-20211109/lst-ai/space-flair_seg-lst.nii.gz

2025-11-22 14:31:52.871 | INFO     | __main__:<module>:45 - Starting subject 1492
2025-11-22 14:31:52.873 | INFO     | __main__:<module>:73 - bash /home/srs-9/Projects/ms_mri/scripts/lst-ai/lst_ai.sh /mnt/h/3Tpioneer_bids/sub-ms1492/ses-20190620
2025-11-22 14:37:46.377 | DEBUG    | __main__:<module>:81 - RUN: producing /mnt/h/3Tpioneer_bids/sub-ms1492/ses-20190620/lst-ai/space-flair_seg-lst.nii.gz
OK: produced /mnt/h/3Tpioneer_bids/sub-ms1492/ses-20190620/lst-ai/space-flair_seg-lst.nii.gz

2025-11-22 14:37:46.377 | INFO     | __main__:<module>:45 - Starting subject 1494
2025-11-22 14:37:46.385 | INFO     | __main__:<module>:73 - bash /home/srs-9/Projects/ms_mri/scripts/lst-ai/lst_ai.sh /mnt/h/3Tpioneer_bids/sub-ms1494/ses-20181116
2025-11-22 14:43:34.479 | DEBUG    | __main__:<module>:81 - RUN: producing /mnt/h/3Tpioneer_bids/sub-ms1494/ses-20181116/lst-ai/space-flair_seg-lst.nii.gz
OK: produced /mnt/h/3Tpioneer_bids/sub-ms1494/ses-20181116/lst-ai/space-flair_seg-lst.nii.gz

2025-11-22 14:43:34.480 | INFO     | __main__:<module>:45 - Starting subject 1498
2025-11-22 14:43:34.482 | INFO     | __main__:<module>:73 - bash /home/srs-9/Projects/ms_mri/scripts/lst-ai/lst_ai.sh /mnt/h/3Tpioneer_bids/sub-ms1498/ses-20210602
2025-11-22 14:49:24.101 | DEBUG    | __main__:<module>:81 - RUN: producing /mnt/h/3Tpioneer_bids/sub-ms1498/ses-20210602/lst-ai/space-flair_seg-lst.nii.gz
OK: produced /mnt/h/3Tpioneer_bids/sub-ms1498/ses-20210602/lst-ai/space-flair_seg-lst.nii.gz

2025-11-22 14:49:24.101 | INFO     | __main__:<module>:45 - Starting subject 1518
2025-11-22 14:49:24.104 | INFO     | __main__:<module>:73 - bash /home/srs-9/Projects/ms_mri/scripts/lst-ai/lst_ai.sh /mnt/h/3Tpioneer_bids/sub-ms1518/ses-20220216
2025-11-22 14:55:12.990 | DEBUG    | __main__:<module>:81 - RUN: producing /mnt/h/3Tpioneer_bids/sub-ms1518/ses-20220216/lst-ai/space-flair_seg-lst.nii.gz
OK: produced /mnt/h/3Tpioneer_bids/sub-ms1518/ses-20220216/lst-ai/space-flair_seg-lst.nii.gz

2025-11-22 14:55:12.991 | INFO     | __main__:<module>:45 - Starting subject 1519
2025-11-22 14:55:12.993 | INFO     | __main__:<module>:73 - bash /home/srs-9/Projects/ms_mri/scripts/lst-ai/lst_ai.sh /mnt/h/3Tpioneer_bids/sub-ms1519/ses-20200808
2025-11-22 15:01:22.794 | DEBUG    | __main__:<module>:81 - RUN: producing /mnt/h/3Tpioneer_bids/sub-ms1519/ses-20200808/lst-ai/space-flair_seg-lst.nii.gz
OK: produced /mnt/h/3Tpioneer_bids/sub-ms1519/ses-20200808/lst-ai/space-flair_seg-lst.nii.gz

2025-11-22 15:01:22.794 | INFO     | __main__:<module>:45 - Starting subject 1533
2025-11-22 15:01:22.892 | INFO     | __main__:<module>:73 - bash /home/srs-9/Projects/ms_mri/scripts/lst-ai/lst_ai.sh /mnt/h/3Tpioneer_bids/sub-ms1533/ses-20210422
2025-11-22 15:07:11.948 | DEBUG    | __main__:<module>:81 - RUN: producing /mnt/h/3Tpioneer_bids/sub-ms1533/ses-20210422/lst-ai/space-flair_seg-lst.nii.gz
OK: produced /mnt/h/3Tpioneer_bids/sub-ms1533/ses-20210422/lst-ai/space-flair_seg-lst.nii.gz

2025-11-22 15:07:11.948 | INFO     | __main__:<module>:45 - Starting subject 1540
2025-11-22 15:07:12.110 | INFO     | __main__:<module>:73 - bash /home/srs-9/Projects/ms_mri/scripts/lst-ai/lst_ai.sh /mnt/h/3Tpioneer_bids/sub-ms1540/ses-20201222
2025-11-22 15:13:01.017 | DEBUG    | __main__:<module>:81 - RUN: producing /mnt/h/3Tpioneer_bids/sub-ms1540/ses-20201222/lst-ai/space-flair_seg-lst.nii.gz
OK: produced /mnt/h/3Tpioneer_bids/sub-ms1540/ses-20201222/lst-ai/space-flair_seg-lst.nii.gz

2025-11-22 15:13:01.018 | INFO     | __main__:<module>:45 - Starting subject 1541
2025-11-22 15:13:01.022 | INFO     | __main__:<module>:73 - bash /home/srs-9/Projects/ms_mri/scripts/lst-ai/lst_ai.sh /mnt/h/3Tpioneer_bids/sub-ms1541/ses-20200309
2025-11-22 15:19:09.842 | DEBUG    | __main__:<module>:81 - RUN: producing /mnt/h/3Tpioneer_bids/sub-ms1541/ses-20200309/lst-ai/space-flair_seg-lst.nii.gz
OK: produced /mnt/h/3Tpioneer_bids/sub-ms1541/ses-20200309/lst-ai/space-flair_seg-lst.nii.gz

2025-11-22 15:19:09.843 | INFO     | __main__:<module>:45 - Starting subject 1547
2025-11-22 15:19:09.863 | INFO     | __main__:<module>:73 - bash /home/srs-9/Projects/ms_mri/scripts/lst-ai/lst_ai.sh /mnt/h/3Tpioneer_bids/sub-ms1547/ses-20220321
2025-11-22 15:24:54.696 | DEBUG    | __main__:<module>:81 - RUN: producing /mnt/h/3Tpioneer_bids/sub-ms1547/ses-20220321/lst-ai/space-flair_seg-lst.nii.gz
OK: produced /mnt/h/3Tpioneer_bids/sub-ms1547/ses-20220321/lst-ai/space-flair_seg-lst.nii.gz

2025-11-22 15:24:54.697 | INFO     | __main__:<module>:45 - Starting subject 1548
2025-11-22 15:24:54.855 | INFO     | __main__:<module>:73 - bash /home/srs-9/Projects/ms_mri/scripts/lst-ai/lst_ai.sh /mnt/h/3Tpioneer_bids/sub-ms1548/ses-20210628
2025-11-22 15:30:45.625 | DEBUG    | __main__:<module>:81 - RUN: producing /mnt/h/3Tpioneer_bids/sub-ms1548/ses-20210628/lst-ai/space-flair_seg-lst.nii.gz
OK: produced /mnt/h/3Tpioneer_bids/sub-ms1548/ses-20210628/lst-ai/space-flair_seg-lst.nii.gz

2025-11-22 15:30:45.625 | INFO     | __main__:<module>:45 - Starting subject 1557
2025-11-22 15:30:45.714 | INFO     | __main__:<module>:73 - bash /home/srs-9/Projects/ms_mri/scripts/lst-ai/lst_ai.sh /mnt/h/3Tpioneer_bids/sub-ms1557/ses-20180829
2025-11-22 15:36:25.680 | DEBUG    | __main__:<module>:81 - RUN: producing /mnt/h/3Tpioneer_bids/sub-ms1557/ses-20180829/lst-ai/space-flair_seg-lst.nii.gz
OK: produced /mnt/h/3Tpioneer_bids/sub-ms1557/ses-20180829/lst-ai/space-flair_seg-lst.nii.gz

2025-11-22 15:36:25.680 | INFO     | __main__:<module>:45 - Starting subject 2005
2025-11-22 15:36:25.830 | INFO     | __main__:<module>:73 - bash /home/srs-9/Projects/ms_mri/scripts/lst-ai/lst_ai.sh /mnt/h/3Tpioneer_bids/sub-ms2005/ses-20180905
2025-11-22 15:42:12.231 | DEBUG    | __main__:<module>:81 - RUN: producing /mnt/h/3Tpioneer_bids/sub-ms2005/ses-20180905/lst-ai/space-flair_seg-lst.nii.gz
OK: produced /mnt/h/3Tpioneer_bids/sub-ms2005/ses-20180905/lst-ai/space-flair_seg-lst.nii.gz

2025-11-22 15:42:12.231 | INFO     | __main__:<module>:45 - Starting subject 2015
2025-11-22 15:42:12.377 | INFO     | __main__:<module>:73 - bash /home/srs-9/Projects/ms_mri/scripts/lst-ai/lst_ai.sh /mnt/h/3Tpioneer_bids/sub-ms2015/ses-20170118
2025-11-22 15:47:56.270 | DEBUG    | __main__:<module>:81 - RUN: producing /mnt/h/3Tpioneer_bids/sub-ms2015/ses-20170118/lst-ai/space-flair_seg-lst.nii.gz
OK: produced /mnt/h/3Tpioneer_bids/sub-ms2015/ses-20170118/lst-ai/space-flair_seg-lst.nii.gz

2025-11-22 15:47:56.270 | INFO     | __main__:<module>:45 - Starting subject 2020
2025-11-22 15:47:56.433 | INFO     | __main__:<module>:73 - bash /home/srs-9/Projects/ms_mri/scripts/lst-ai/lst_ai.sh /mnt/h/3Tpioneer_bids/sub-ms2020/ses-20180109
2025-11-22 15:53:46.653 | DEBUG    | __main__:<module>:81 - RUN: producing /mnt/h/3Tpioneer_bids/sub-ms2020/ses-20180109/lst-ai/space-flair_seg-lst.nii.gz
OK: produced /mnt/h/3Tpioneer_bids/sub-ms2020/ses-20180109/lst-ai/space-flair_seg-lst.nii.gz

2025-11-22 15:53:46.653 | INFO     | __main__:<module>:45 - Starting subject 2055
2025-11-22 15:53:46.797 | INFO     | __main__:<module>:73 - bash /home/srs-9/Projects/ms_mri/scripts/lst-ai/lst_ai.sh /mnt/h/3Tpioneer_bids/sub-ms2055/ses-20170920
